TpTrace Verbose: 0 : 34332, 1, 2023/02/13, 12:59:07.865, 123665352181, vstest.console.dll, Version: 17.4.0-release-20221019-01 Current process architecture: X64
TpTrace Verbose: 0 : 34332, 1, 2023/02/13, 12:59:07.866, 123665366046, vstest.console.dll, Runtime location: C:\Program Files\dotnet\shared\Microsoft.NETCore.App\7.0.1
TpTrace Verbose: 0 : 34332, 1, 2023/02/13, 12:59:07.869, 123665387908, vstest.console.dll, ArtifactProcessingPostProcessModeProcessorExecutor.Initialize: ArtifactProcessingMode.Collect
TpTrace Verbose: 0 : 34332, 1, 2023/02/13, 12:59:07.869, 123665388836, vstest.console.dll, TestSessionCorrelationIdProcessorModeProcessorExecutor.Initialize: TestSessionCorrelationId '17932_5f0c4970-bd1e-4a4a-847a-a43f92382571'
TpTrace Information: 0 : 34332, 1, 2023/02/13, 12:59:07.875, 123665455282, vstest.console.dll, FilePatternParser: The given file C:\Users\manue\OneDrive\Escritorio\PARAMONT\NEW\Sat.Recruitment.Test\bin\Debug\net6.0\fine-code-coverage\build-output\Sat.Recruitment.Test.dll is a full path.
TpTrace Verbose: 0 : 34332, 1, 2023/02/13, 12:59:07.879, 123665494102, vstest.console.dll, TestPluginCache.DiscoverTestExtensions: finding test extensions in assemblies ends with: RuntimeProvider.dll TPluginInfo: Microsoft.VisualStudio.TestPlatform.Common.ExtensionFramework.Utilities.TestRuntimePluginInformation TExtension: Microsoft.VisualStudio.TestPlatform.ObjectModel.Host.ITestRuntimeProvider
TpTrace Verbose: 0 : 34332, 1, 2023/02/13, 12:59:07.879, 123665495687, vstest.console.dll, TestPluginCache.GetExtensionPaths: Filtered extension paths: 
TpTrace Verbose: 0 : 34332, 1, 2023/02/13, 12:59:07.879, 123665496378, vstest.console.dll, TestPluginCache.GetExtensionPaths: Added default extension paths: C:\Program Files\dotnet\sdk\7.0.101\Extensions\Microsoft.Diagnostics.NETCore.Client.dll
C:\Program Files\dotnet\sdk\7.0.101\Extensions\Microsoft.TestPlatform.Extensions.BlameDataCollector.dll
C:\Program Files\dotnet\sdk\7.0.101\Extensions\Microsoft.TestPlatform.Extensions.EventLogCollector.dll
C:\Program Files\dotnet\sdk\7.0.101\Extensions\Microsoft.TestPlatform.TestHostRuntimeProvider.dll
C:\Program Files\dotnet\sdk\7.0.101\Extensions\Microsoft.VisualStudio.TestPlatform.Extensions.Html.TestLogger.dll
C:\Program Files\dotnet\sdk\7.0.101\Extensions\Microsoft.VisualStudio.TestPlatform.Extensions.Trx.TestLogger.dll
TpTrace Verbose: 0 : 34332, 1, 2023/02/13, 12:59:07.879, 123665496657, vstest.console.dll, TestPluginCache.GetExtensionPaths: Added unfilterableExtensionPaths: 
TpTrace Information: 0 : 34332, 1, 2023/02/13, 12:59:07.880, 123665501818, vstest.console.dll, AssemblyResolver.ctor: Creating AssemblyResolver with searchDirectories C:\Program Files\dotnet\sdk\7.0.101\Extensions,C:\Program Files\dotnet\sdk\7.0.101
TpTrace Verbose: 0 : 34332, 1, 2023/02/13, 12:59:07.881, 123665509188, vstest.console.dll, TestPluginCache.DiscoverTestExtensions: Discovering the extensions using extension path.
TpTrace Verbose: 0 : 34332, 1, 2023/02/13, 12:59:07.881, 123665510177, vstest.console.dll, TestPluginCache.GetExtensionPaths: Filtered extension paths: 
TpTrace Verbose: 0 : 34332, 1, 2023/02/13, 12:59:07.881, 123665510529, vstest.console.dll, TestPluginCache.GetExtensionPaths: Added default extension paths: C:\Program Files\dotnet\sdk\7.0.101\Extensions\Microsoft.Diagnostics.NETCore.Client.dll
C:\Program Files\dotnet\sdk\7.0.101\Extensions\Microsoft.TestPlatform.Extensions.BlameDataCollector.dll
C:\Program Files\dotnet\sdk\7.0.101\Extensions\Microsoft.TestPlatform.Extensions.EventLogCollector.dll
C:\Program Files\dotnet\sdk\7.0.101\Extensions\Microsoft.TestPlatform.TestHostRuntimeProvider.dll
C:\Program Files\dotnet\sdk\7.0.101\Extensions\Microsoft.VisualStudio.TestPlatform.Extensions.Html.TestLogger.dll
C:\Program Files\dotnet\sdk\7.0.101\Extensions\Microsoft.VisualStudio.TestPlatform.Extensions.Trx.TestLogger.dll
TpTrace Verbose: 0 : 34332, 1, 2023/02/13, 12:59:07.881, 123665510740, vstest.console.dll, TestPluginCache.GetExtensionPaths: Added unfilterableExtensionPaths: 
TpTrace Verbose: 0 : 34332, 1, 2023/02/13, 12:59:07.881, 123665511403, vstest.console.dll, TestPluginCache.DiscoverTestExtensions: Discovering the extensions using allExtensionPaths: C:\Program Files\dotnet\sdk\7.0.101\Extensions\Microsoft.Diagnostics.NETCore.Client.dll
C:\Program Files\dotnet\sdk\7.0.101\Extensions\Microsoft.TestPlatform.Extensions.BlameDataCollector.dll
C:\Program Files\dotnet\sdk\7.0.101\Extensions\Microsoft.TestPlatform.Extensions.EventLogCollector.dll
C:\Program Files\dotnet\sdk\7.0.101\Extensions\Microsoft.TestPlatform.TestHostRuntimeProvider.dll
C:\Program Files\dotnet\sdk\7.0.101\Extensions\Microsoft.VisualStudio.TestPlatform.Extensions.Html.TestLogger.dll
C:\Program Files\dotnet\sdk\7.0.101\Extensions\Microsoft.VisualStudio.TestPlatform.Extensions.Trx.TestLogger.dll
TpTrace Information: 0 : 34332, 1, 2023/02/13, 12:59:07.881, 123665512505, vstest.console.dll, AssemblyResolver.AddSearchDirectories: Adding more searchDirectories C:\Program Files\dotnet\sdk\7.0.101\Extensions,C:\Program Files\dotnet\sdk\7.0.101
TpTrace Information: 0 : 34332, 1, 2023/02/13, 12:59:07.881, 123665512939, vstest.console.dll, AssemblyResolver.AddSearchDirectories: Adding more searchDirectories C:\Program Files\dotnet\sdk\7.0.101\Extensions,C:\Program Files\dotnet\sdk\7.0.101
TpTrace Information: 0 : 34332, 1, 2023/02/13, 12:59:07.881, 123665513224, vstest.console.dll, AssemblyResolver.AddSearchDirectories: Adding more searchDirectories C:\Program Files\dotnet\sdk\7.0.101\Extensions,C:\Program Files\dotnet\sdk\7.0.101
TpTrace Information: 0 : 34332, 1, 2023/02/13, 12:59:07.881, 123665513423, vstest.console.dll, AssemblyResolver.AddSearchDirectories: Adding more searchDirectories C:\Program Files\dotnet\sdk\7.0.101\Extensions,C:\Program Files\dotnet\sdk\7.0.101
TpTrace Information: 0 : 34332, 1, 2023/02/13, 12:59:07.881, 123665513606, vstest.console.dll, AssemblyResolver.AddSearchDirectories: Adding more searchDirectories C:\Program Files\dotnet\sdk\7.0.101\Extensions,C:\Program Files\dotnet\sdk\7.0.101
TpTrace Information: 0 : 34332, 1, 2023/02/13, 12:59:07.881, 123665513821, vstest.console.dll, AssemblyResolver.AddSearchDirectories: Adding more searchDirectories C:\Program Files\dotnet\sdk\7.0.101\Extensions,C:\Program Files\dotnet\sdk\7.0.101
TpTrace Information: 0 : 34332, 1, 2023/02/13, 12:59:07.881, 123665516235, vstest.console.dll, AssemblyResolver.OnResolve: Microsoft.Diagnostics.NETCore.Client: Resolving assembly.
TpTrace Information: 0 : 34332, 1, 2023/02/13, 12:59:07.881, 123665516732, vstest.console.dll, AssemblyResolver.OnResolve: Microsoft.Diagnostics.NETCore.Client: Searching in: 'C:\Program Files\dotnet\sdk\7.0.101\Extensions'.
TpTrace Information: 0 : 34332, 1, 2023/02/13, 12:59:07.887, 123665570500, vstest.console.dll, AssemblyResolver.OnResolve: Microsoft.Diagnostics.NETCore.Client: Loading assembly 'C:\Program Files\dotnet\sdk\7.0.101\Extensions\Microsoft.Diagnostics.NETCore.Client.dll'.
TpTrace Information: 0 : 34332, 1, 2023/02/13, 12:59:07.887, 123665575179, vstest.console.dll, AssemblyResolver.OnResolve: Resolved assembly: Microsoft.Diagnostics.NETCore.Client, from path: C:\Program Files\dotnet\sdk\7.0.101\Extensions\Microsoft.Diagnostics.NETCore.Client.dll
TpTrace Verbose: 0 : 34332, 1, 2023/02/13, 12:59:07.888, 123665583792, vstest.console.dll, MetadataReaderExtensionsHelper: Discovering extensions inside assembly 'Microsoft.Diagnostics.NETCore.Client, Version=0.2.6.42401, Culture=neutral, PublicKeyToken=31bf3856ad364e35' file path 'C:\Program Files\dotnet\sdk\7.0.101\Extensions\Microsoft.Diagnostics.NETCore.Client.dll'
TpTrace Information: 0 : 34332, 1, 2023/02/13, 12:59:07.891, 123665614142, vstest.console.dll, AssemblyResolver.OnResolve: Microsoft.Bcl.AsyncInterfaces: Resolving assembly.
TpTrace Information: 0 : 34332, 1, 2023/02/13, 12:59:07.891, 123665614611, vstest.console.dll, AssemblyResolver.OnResolve: Microsoft.Bcl.AsyncInterfaces: Searching in: 'C:\Program Files\dotnet\sdk\7.0.101\Extensions'.
TpTrace Information: 0 : 34332, 1, 2023/02/13, 12:59:07.891, 123665615184, vstest.console.dll, AssemblyResolver.OnResolve: Microsoft.Bcl.AsyncInterfaces: Assembly path does not exist: 'C:\Program Files\dotnet\sdk\7.0.101\Extensions\Microsoft.Bcl.AsyncInterfaces.dll', returning.
TpTrace Information: 0 : 34332, 1, 2023/02/13, 12:59:07.891, 123665616094, vstest.console.dll, AssemblyResolver.OnResolve: Microsoft.Bcl.AsyncInterfaces: Assembly path does not exist: 'C:\Program Files\dotnet\sdk\7.0.101\Extensions\Microsoft.Bcl.AsyncInterfaces.exe', returning.
TpTrace Information: 0 : 34332, 1, 2023/02/13, 12:59:07.891, 123665616395, vstest.console.dll, AssemblyResolver.OnResolve: Microsoft.Bcl.AsyncInterfaces: Searching in: 'C:\Program Files\dotnet\sdk\7.0.101'.
TpTrace Information: 0 : 34332, 1, 2023/02/13, 12:59:07.891, 123665616910, vstest.console.dll, AssemblyResolver.OnResolve: Microsoft.Bcl.AsyncInterfaces: Assembly path does not exist: 'C:\Program Files\dotnet\sdk\7.0.101\Microsoft.Bcl.AsyncInterfaces.dll', returning.
TpTrace Information: 0 : 34332, 1, 2023/02/13, 12:59:07.892, 123665617388, vstest.console.dll, AssemblyResolver.OnResolve: Microsoft.Bcl.AsyncInterfaces: Assembly path does not exist: 'C:\Program Files\dotnet\sdk\7.0.101\Microsoft.Bcl.AsyncInterfaces.exe', returning.
TpTrace Information: 0 : 34332, 1, 2023/02/13, 12:59:07.892, 123665617651, vstest.console.dll, AssemblyResolver.OnResolve: Microsoft.Bcl.AsyncInterfaces: Failed to load assembly.
TpTrace Verbose: 0 : 34332, 1, 2023/02/13, 12:59:07.892, 123665617889, vstest.console.dll, CurrentDomainAssemblyResolve: Resolving assembly 'Microsoft.Bcl.AsyncInterfaces'.
TpTrace Information: 0 : 34332, 1, 2023/02/13, 12:59:07.892, 123665618272, vstest.console.dll, AssemblyResolver.OnResolve: Microsoft.Bcl.AsyncInterfaces: Resolving assembly.
TpTrace Information: 0 : 34332, 1, 2023/02/13, 12:59:07.892, 123665618522, vstest.console.dll, AssemblyResolver.OnResolve: Microsoft.Bcl.AsyncInterfaces: Resolved from cache.
TpTrace Verbose: 0 : 34332, 1, 2023/02/13, 12:59:07.892, 123665618718, vstest.console.dll, CurrentDomainAssemblyResolve: Resolving assembly 'Microsoft.Bcl.AsyncInterfaces'.
TpTrace Verbose: 0 : 34332, 1, 2023/02/13, 12:59:07.892, 123665618937, vstest.console.dll, CurrentDomainAssemblyResolve: Failed to resolve assembly 'Microsoft.Bcl.AsyncInterfaces'.
TpTrace Verbose: 0 : 34332, 1, 2023/02/13, 12:59:07.892, 123665624300, vstest.console.dll, CurrentDomainAssemblyResolve: Failed to resolve assembly 'Microsoft.Bcl.AsyncInterfaces'.
TpTrace Warning: 0 : 34332, 1, 2023/02/13, 12:59:07.897, 123665672693, vstest.console.dll, TestPluginDiscoverer: Failed to get types from assembly 'Microsoft.Diagnostics.NETCore.Client, Version=0.2.6.42401, Culture=neutral, PublicKeyToken=31bf3856ad364e35'. Error: System.Reflection.ReflectionTypeLoadException: Unable to load one or more of the requested types.
Could not load file or assembly 'Microsoft.Bcl.AsyncInterfaces, Version=1.0.0.0, Culture=neutral, PublicKeyToken=cc7b13ffcd2ddd51'. El sistema no puede encontrar el archivo especificado.
   at System.Reflection.RuntimeModule.GetTypes(RuntimeModule module)
   at System.Reflection.Assembly.GetTypes()
   at Microsoft.VisualStudio.TestPlatform.Common.ExtensionFramework.TestPluginDiscoverer.GetTestExtensionsFromAssembly[TPluginInfo,TExtension](Assembly assembly, Dictionary`2 pluginInfos, String filePath)
System.IO.FileNotFoundException: Could not load file or assembly 'Microsoft.Bcl.AsyncInterfaces, Version=1.0.0.0, Culture=neutral, PublicKeyToken=cc7b13ffcd2ddd51'. El sistema no puede encontrar el archivo especificado.
File name: 'Microsoft.Bcl.AsyncInterfaces, Version=1.0.0.0, Culture=neutral, PublicKeyToken=cc7b13ffcd2ddd51'
 ---> System.IO.FileNotFoundException: Could not load file or assembly 'Microsoft.Bcl.AsyncInterfaces, Culture=neutral, PublicKeyToken=null'. El sistema no puede encontrar el archivo especificado.
File name: 'Microsoft.Bcl.AsyncInterfaces, Culture=neutral, PublicKeyToken=null'
   at System.Reflection.RuntimeAssembly.InternalLoad(AssemblyName assemblyName, StackCrawlMark& stackMark, AssemblyLoadContext assemblyLoadContext, RuntimeAssembly requestingAssembly, Boolean throwOnFileNotFound)
   at System.Reflection.Assembly.Load(AssemblyName assemblyRef)
   at Microsoft.VisualStudio.TestPlatform.Common.ExtensionFramework.TestPluginCache.CurrentDomainAssemblyResolve(Object sender, AssemblyResolveEventArgs args)
   at System.Runtime.Loader.AssemblyLoadContext.GetFirstResolvedAssemblyFromResolvingEvent(AssemblyName assemblyName)
   at System.Runtime.Loader.AssemblyLoadContext.ResolveUsingEvent(AssemblyName assemblyName)
   at System.Runtime.Loader.AssemblyLoadContext.ResolveUsingResolvingEvent(IntPtr gchManagedAssemblyLoadContext, AssemblyName assemblyName)
TpTrace Warning: 0 : 34332, 1, 2023/02/13, 12:59:07.897, 123665675392, vstest.console.dll, LoaderExceptions: System.IO.FileNotFoundException: Could not load file or assembly 'Microsoft.Bcl.AsyncInterfaces, Version=1.0.0.0, Culture=neutral, PublicKeyToken=cc7b13ffcd2ddd51'. El sistema no puede encontrar el archivo especificado.
File name: 'Microsoft.Bcl.AsyncInterfaces, Version=1.0.0.0, Culture=neutral, PublicKeyToken=cc7b13ffcd2ddd51'
 ---> System.IO.FileNotFoundException: Could not load file or assembly 'Microsoft.Bcl.AsyncInterfaces, Culture=neutral, PublicKeyToken=null'. El sistema no puede encontrar el archivo especificado.
File name: 'Microsoft.Bcl.AsyncInterfaces, Culture=neutral, PublicKeyToken=null'
   at System.Reflection.RuntimeAssembly.InternalLoad(AssemblyName assemblyName, StackCrawlMark& stackMark, AssemblyLoadContext assemblyLoadContext, RuntimeAssembly requestingAssembly, Boolean throwOnFileNotFound)
   at System.Reflection.Assembly.Load(AssemblyName assemblyRef)
   at Microsoft.VisualStudio.TestPlatform.Common.ExtensionFramework.TestPluginCache.CurrentDomainAssemblyResolve(Object sender, AssemblyResolveEventArgs args)
   at System.Runtime.Loader.AssemblyLoadContext.GetFirstResolvedAssemblyFromResolvingEvent(AssemblyName assemblyName)
   at System.Runtime.Loader.AssemblyLoadContext.ResolveUsingEvent(AssemblyName assemblyName)
   at System.Runtime.Loader.AssemblyLoadContext.ResolveUsingResolvingEvent(IntPtr gchManagedAssemblyLoadContext, AssemblyName assemblyName)
TpTrace Information: 0 : 34332, 1, 2023/02/13, 12:59:07.897, 123665676624, vstest.console.dll, AssemblyResolver.OnResolve: Microsoft.TestPlatform.Extensions.BlameDataCollector: Resolving assembly.
TpTrace Information: 0 : 34332, 1, 2023/02/13, 12:59:07.897, 123665676977, vstest.console.dll, AssemblyResolver.OnResolve: Microsoft.TestPlatform.Extensions.BlameDataCollector: Searching in: 'C:\Program Files\dotnet\sdk\7.0.101\Extensions'.
TpTrace Information: 0 : 34332, 1, 2023/02/13, 12:59:07.898, 123665679645, vstest.console.dll, AssemblyResolver.OnResolve: Microsoft.TestPlatform.Extensions.BlameDataCollector: Loading assembly 'C:\Program Files\dotnet\sdk\7.0.101\Extensions\Microsoft.TestPlatform.Extensions.BlameDataCollector.dll'.
TpTrace Information: 0 : 34332, 1, 2023/02/13, 12:59:07.898, 123665683755, vstest.console.dll, AssemblyResolver.OnResolve: Resolved assembly: Microsoft.TestPlatform.Extensions.BlameDataCollector, from path: C:\Program Files\dotnet\sdk\7.0.101\Extensions\Microsoft.TestPlatform.Extensions.BlameDataCollector.dll
TpTrace Verbose: 0 : 34332, 1, 2023/02/13, 12:59:07.898, 123665684374, vstest.console.dll, MetadataReaderExtensionsHelper: Discovering extensions inside assembly 'Microsoft.TestPlatform.Extensions.BlameDataCollector, Version=15.0.0.0, Culture=neutral, PublicKeyToken=b03f5f7f11d50a3a' file path 'C:\Program Files\dotnet\sdk\7.0.101\Extensions\Microsoft.TestPlatform.Extensions.BlameDataCollector.dll'
TpTrace Information: 0 : 34332, 1, 2023/02/13, 12:59:07.899, 123665694637, vstest.console.dll, AssemblyResolver.OnResolve: Microsoft.TestPlatform.Extensions.EventLogCollector: Resolving assembly.
TpTrace Information: 0 : 34332, 1, 2023/02/13, 12:59:07.899, 123665695076, vstest.console.dll, AssemblyResolver.OnResolve: Microsoft.TestPlatform.Extensions.EventLogCollector: Searching in: 'C:\Program Files\dotnet\sdk\7.0.101\Extensions'.
TpTrace Information: 0 : 34332, 1, 2023/02/13, 12:59:07.899, 123665696930, vstest.console.dll, AssemblyResolver.OnResolve: Microsoft.TestPlatform.Extensions.EventLogCollector: Loading assembly 'C:\Program Files\dotnet\sdk\7.0.101\Extensions\Microsoft.TestPlatform.Extensions.EventLogCollector.dll'.
TpTrace Information: 0 : 34332, 1, 2023/02/13, 12:59:07.900, 123665700537, vstest.console.dll, AssemblyResolver.OnResolve: Resolved assembly: Microsoft.TestPlatform.Extensions.EventLogCollector, from path: C:\Program Files\dotnet\sdk\7.0.101\Extensions\Microsoft.TestPlatform.Extensions.EventLogCollector.dll
TpTrace Verbose: 0 : 34332, 1, 2023/02/13, 12:59:07.900, 123665701055, vstest.console.dll, MetadataReaderExtensionsHelper: Discovering extensions inside assembly 'Microsoft.TestPlatform.Extensions.EventLogCollector, Version=15.0.0.0, Culture=neutral, PublicKeyToken=b03f5f7f11d50a3a' file path 'C:\Program Files\dotnet\sdk\7.0.101\Extensions\Microsoft.TestPlatform.Extensions.EventLogCollector.dll'
TpTrace Information: 0 : 34332, 1, 2023/02/13, 12:59:07.901, 123665715914, vstest.console.dll, AssemblyResolver.OnResolve: Microsoft.TestPlatform.TestHostRuntimeProvider: Resolving assembly.
TpTrace Information: 0 : 34332, 1, 2023/02/13, 12:59:07.901, 123665716346, vstest.console.dll, AssemblyResolver.OnResolve: Microsoft.TestPlatform.TestHostRuntimeProvider: Searching in: 'C:\Program Files\dotnet\sdk\7.0.101\Extensions'.
TpTrace Information: 0 : 34332, 1, 2023/02/13, 12:59:07.902, 123665718221, vstest.console.dll, AssemblyResolver.OnResolve: Microsoft.TestPlatform.TestHostRuntimeProvider: Loading assembly 'C:\Program Files\dotnet\sdk\7.0.101\Extensions\Microsoft.TestPlatform.TestHostRuntimeProvider.dll'.
TpTrace Information: 0 : 34332, 1, 2023/02/13, 12:59:07.902, 123665723006, vstest.console.dll, AssemblyResolver.OnResolve: Resolved assembly: Microsoft.TestPlatform.TestHostRuntimeProvider, from path: C:\Program Files\dotnet\sdk\7.0.101\Extensions\Microsoft.TestPlatform.TestHostRuntimeProvider.dll
TpTrace Verbose: 0 : 34332, 1, 2023/02/13, 12:59:07.902, 123665723643, vstest.console.dll, MetadataReaderExtensionsHelper: Discovering extensions inside assembly 'Microsoft.TestPlatform.TestHostRuntimeProvider, Version=15.0.0.0, Culture=neutral, PublicKeyToken=b03f5f7f11d50a3a' file path 'C:\Program Files\dotnet\sdk\7.0.101\Extensions\Microsoft.TestPlatform.TestHostRuntimeProvider.dll'
TpTrace Information: 0 : 34332, 1, 2023/02/13, 12:59:07.903, 123665736973, vstest.console.dll, GetTestExtensionFromType: Register extension with identifier data 'HostProvider://DefaultTestHost' and type 'Microsoft.VisualStudio.TestPlatform.CrossPlatEngine.Hosting.DefaultTestHostManager, Microsoft.TestPlatform.TestHostRuntimeProvider, Version=15.0.0.0, Culture=neutral, PublicKeyToken=b03f5f7f11d50a3a' inside file 'C:\Program Files\dotnet\sdk\7.0.101\Extensions\Microsoft.TestPlatform.TestHostRuntimeProvider.dll'
TpTrace Information: 0 : 34332, 1, 2023/02/13, 12:59:07.904, 123665738937, vstest.console.dll, GetTestExtensionFromType: Register extension with identifier data 'HostProvider://DotnetTestHost' and type 'Microsoft.VisualStudio.TestPlatform.CrossPlatEngine.Hosting.DotnetTestHostManager, Microsoft.TestPlatform.TestHostRuntimeProvider, Version=15.0.0.0, Culture=neutral, PublicKeyToken=b03f5f7f11d50a3a' inside file 'C:\Program Files\dotnet\sdk\7.0.101\Extensions\Microsoft.TestPlatform.TestHostRuntimeProvider.dll'
TpTrace Information: 0 : 34332, 1, 2023/02/13, 12:59:07.904, 123665739642, vstest.console.dll, AssemblyResolver.OnResolve: Microsoft.VisualStudio.TestPlatform.Extensions.Html.TestLogger: Resolving assembly.
TpTrace Information: 0 : 34332, 1, 2023/02/13, 12:59:07.904, 123665739911, vstest.console.dll, AssemblyResolver.OnResolve: Microsoft.VisualStudio.TestPlatform.Extensions.Html.TestLogger: Searching in: 'C:\Program Files\dotnet\sdk\7.0.101\Extensions'.
TpTrace Information: 0 : 34332, 1, 2023/02/13, 12:59:07.904, 123665741880, vstest.console.dll, AssemblyResolver.OnResolve: Microsoft.VisualStudio.TestPlatform.Extensions.Html.TestLogger: Loading assembly 'C:\Program Files\dotnet\sdk\7.0.101\Extensions\Microsoft.VisualStudio.TestPlatform.Extensions.Html.TestLogger.dll'.
TpTrace Information: 0 : 34332, 1, 2023/02/13, 12:59:07.904, 123665745669, vstest.console.dll, AssemblyResolver.OnResolve: Resolved assembly: Microsoft.VisualStudio.TestPlatform.Extensions.Html.TestLogger, from path: C:\Program Files\dotnet\sdk\7.0.101\Extensions\Microsoft.VisualStudio.TestPlatform.Extensions.Html.TestLogger.dll
TpTrace Verbose: 0 : 34332, 1, 2023/02/13, 12:59:07.904, 123665746197, vstest.console.dll, MetadataReaderExtensionsHelper: Discovering extensions inside assembly 'Microsoft.VisualStudio.TestPlatform.Extensions.Html.TestLogger, Version=15.0.0.0, Culture=neutral, PublicKeyToken=b03f5f7f11d50a3a' file path 'C:\Program Files\dotnet\sdk\7.0.101\Extensions\Microsoft.VisualStudio.TestPlatform.Extensions.Html.TestLogger.dll'
TpTrace Information: 0 : 34332, 1, 2023/02/13, 12:59:07.905, 123665751251, vstest.console.dll, AssemblyResolver.OnResolve: Microsoft.VisualStudio.TestPlatform.Extensions.Trx.TestLogger: Resolving assembly.
TpTrace Information: 0 : 34332, 1, 2023/02/13, 12:59:07.905, 123665751675, vstest.console.dll, AssemblyResolver.OnResolve: Microsoft.VisualStudio.TestPlatform.Extensions.Trx.TestLogger: Searching in: 'C:\Program Files\dotnet\sdk\7.0.101\Extensions'.
TpTrace Information: 0 : 34332, 1, 2023/02/13, 12:59:07.905, 123665753540, vstest.console.dll, AssemblyResolver.OnResolve: Microsoft.VisualStudio.TestPlatform.Extensions.Trx.TestLogger: Loading assembly 'C:\Program Files\dotnet\sdk\7.0.101\Extensions\Microsoft.VisualStudio.TestPlatform.Extensions.Trx.TestLogger.dll'.
TpTrace Information: 0 : 34332, 1, 2023/02/13, 12:59:07.906, 123665757434, vstest.console.dll, AssemblyResolver.OnResolve: Resolved assembly: Microsoft.VisualStudio.TestPlatform.Extensions.Trx.TestLogger, from path: C:\Program Files\dotnet\sdk\7.0.101\Extensions\Microsoft.VisualStudio.TestPlatform.Extensions.Trx.TestLogger.dll
TpTrace Verbose: 0 : 34332, 1, 2023/02/13, 12:59:07.906, 123665758054, vstest.console.dll, MetadataReaderExtensionsHelper: Discovering extensions inside assembly 'Microsoft.VisualStudio.TestPlatform.Extensions.Trx.TestLogger, Version=15.0.0.0, Culture=neutral, PublicKeyToken=b03f5f7f11d50a3a' file path 'C:\Program Files\dotnet\sdk\7.0.101\Extensions\Microsoft.VisualStudio.TestPlatform.Extensions.Trx.TestLogger.dll'
TpTrace Verbose: 0 : 34332, 1, 2023/02/13, 12:59:07.906, 123665765084, vstest.console.dll, TestPluginCache: Discovered the extensions using extension path ''.
TpTrace Verbose: 0 : 34332, 1, 2023/02/13, 12:59:07.906, 123665765603, vstest.console.dll, TestPluginCache: Discoverers are ''.
TpTrace Verbose: 0 : 34332, 1, 2023/02/13, 12:59:07.906, 123665765805, vstest.console.dll, TestPluginCache: Executors are ''.
TpTrace Verbose: 0 : 34332, 1, 2023/02/13, 12:59:07.906, 123665765971, vstest.console.dll, TestPluginCache: Executors2 are ''.
TpTrace Verbose: 0 : 34332, 1, 2023/02/13, 12:59:07.906, 123665766123, vstest.console.dll, TestPluginCache: Setting providers are ''.
TpTrace Verbose: 0 : 34332, 1, 2023/02/13, 12:59:07.906, 123665766272, vstest.console.dll, TestPluginCache: Loggers are ''.
TpTrace Verbose: 0 : 34332, 1, 2023/02/13, 12:59:07.906, 123665767086, vstest.console.dll, TestPluginCache: TestHosts are 'HostProvider://DefaultTestHost,HostProvider://DotnetTestHost'.
TpTrace Verbose: 0 : 34332, 1, 2023/02/13, 12:59:07.907, 123665767365, vstest.console.dll, TestPluginCache: DataCollectors are ''.
TpTrace Information: 0 : 34332, 1, 2023/02/13, 12:59:07.914, 123665839018, vstest.console.dll, RunTestsArgumentProcessor:Execute: Test run is starting.
TpTrace Verbose: 0 : 34332, 1, 2023/02/13, 12:59:07.914, 123665839639, vstest.console.dll, RunTestsArgumentProcessor:Execute: Queuing Test run.
TpTrace Information: 0 : 34332, 1, 2023/02/13, 12:59:07.914, 123665841415, vstest.console.dll, TestRequestManager.RunTests: run tests started.
TpTrace Information: 0 : 34332, 1, 2023/02/13, 12:59:07.915, 123665851477, vstest.console.dll, AssemblyMetadataProvider.GetFrameworkName: Determined framework:'.NETCoreApp,Version=v6.0' for source: 'C:\Users\manue\OneDrive\Escritorio\PARAMONT\NEW\Sat.Recruitment.Test\bin\Debug\net6.0\fine-code-coverage\build-output\Sat.Recruitment.Test.dll'
TpTrace Information: 0 : 34332, 1, 2023/02/13, 12:59:07.915, 123665852776, vstest.console.dll, Determined framework for all sources: .NETCoreApp,Version=v6.0
TpTrace Verbose: 0 : 34332, 1, 2023/02/13, 12:59:07.915, 123665855881, vstest.console.dll, TestRequestManager.UpdateRunSettingsIfRequired: Default architecture: X64 IsDefaultTargetArchitecture: True, Current process architecture: X64 OperatingSystem: Windows.
TpTrace Information: 0 : 34332, 1, 2023/02/13, 12:59:07.917, 123665870248, vstest.console.dll, AssemblyMetadataProvider.GetArchitecture: Determined architecture:AnyCPU info for assembly: C:\Users\manue\OneDrive\Escritorio\PARAMONT\NEW\Sat.Recruitment.Test\bin\Debug\net6.0\fine-code-coverage\build-output\Sat.Recruitment.Test.dll
TpTrace Information: 0 : 34332, 1, 2023/02/13, 12:59:07.917, 123665870755, vstest.console.dll, Determined platform for source 'C:\Users\manue\OneDrive\Escritorio\PARAMONT\NEW\Sat.Recruitment.Test\bin\Debug\net6.0\fine-code-coverage\build-output\Sat.Recruitment.Test.dll' was AnyCPU and it will use the default plaform X64.
TpTrace Information: 0 : 34332, 1, 2023/02/13, 12:59:07.917, 123665870970, vstest.console.dll, None of the sources provided any runnable platform, using the default platform: X64
TpTrace Information: 0 : 34332, 1, 2023/02/13, 12:59:07.917, 123665871640, vstest.console.dll, Platform was updated to 'X64'.
TpTrace Information: 0 : 34332, 1, 2023/02/13, 12:59:07.919, 123665896945, vstest.console.dll, InferRunSettingsHelper.IsTestSettingsEnabled: Unable to navigate to RunSettings/MSTest. Current node: RunSettings
TpTrace Information: 0 : 34332, 1, 2023/02/13, 12:59:07.920, 123665901554, vstest.console.dll, AssemblyResolver.OnResolve: Microsoft.VisualStudio.TestPlatform.Fakes: Resolving assembly.
TpTrace Information: 0 : 34332, 1, 2023/02/13, 12:59:07.920, 123665902002, vstest.console.dll, AssemblyResolver.OnResolve: Microsoft.VisualStudio.TestPlatform.Fakes: Searching in: 'C:\Program Files\dotnet\sdk\7.0.101\Extensions'.
TpTrace Information: 0 : 34332, 1, 2023/02/13, 12:59:07.920, 123665902652, vstest.console.dll, AssemblyResolver.OnResolve: Microsoft.VisualStudio.TestPlatform.Fakes: Assembly path does not exist: 'C:\Program Files\dotnet\sdk\7.0.101\Extensions\Microsoft.VisualStudio.TestPlatform.Fakes.dll', returning.
TpTrace Information: 0 : 34332, 1, 2023/02/13, 12:59:07.920, 123665903171, vstest.console.dll, AssemblyResolver.OnResolve: Microsoft.VisualStudio.TestPlatform.Fakes: Assembly path does not exist: 'C:\Program Files\dotnet\sdk\7.0.101\Extensions\Microsoft.VisualStudio.TestPlatform.Fakes.exe', returning.
TpTrace Information: 0 : 34332, 1, 2023/02/13, 12:59:07.920, 123665903474, vstest.console.dll, AssemblyResolver.OnResolve: Microsoft.VisualStudio.TestPlatform.Fakes: Searching in: 'C:\Program Files\dotnet\sdk\7.0.101'.
TpTrace Information: 0 : 34332, 1, 2023/02/13, 12:59:07.920, 123665903974, vstest.console.dll, AssemblyResolver.OnResolve: Microsoft.VisualStudio.TestPlatform.Fakes: Assembly path does not exist: 'C:\Program Files\dotnet\sdk\7.0.101\Microsoft.VisualStudio.TestPlatform.Fakes.dll', returning.
TpTrace Information: 0 : 34332, 1, 2023/02/13, 12:59:07.920, 123665904439, vstest.console.dll, AssemblyResolver.OnResolve: Microsoft.VisualStudio.TestPlatform.Fakes: Assembly path does not exist: 'C:\Program Files\dotnet\sdk\7.0.101\Microsoft.VisualStudio.TestPlatform.Fakes.exe', returning.
TpTrace Information: 0 : 34332, 1, 2023/02/13, 12:59:07.920, 123665904792, vstest.console.dll, AssemblyResolver.OnResolve: Microsoft.VisualStudio.TestPlatform.Fakes: Failed to load assembly.
TpTrace Information: 0 : 34332, 1, 2023/02/13, 12:59:07.920, 123665906600, vstest.console.dll, Failed to load assembly Microsoft.VisualStudio.TestPlatform.Fakes, Version=17.0.0.0, Culture=neutral. Reason:System.IO.FileNotFoundException: Could not load file or assembly 'Microsoft.VisualStudio.TestPlatform.Fakes, Version=17.0.0.0, Culture=neutral, PublicKeyToken=null'. El sistema no puede encontrar el archivo especificado.
File name: 'Microsoft.VisualStudio.TestPlatform.Fakes, Version=17.0.0.0, Culture=neutral, PublicKeyToken=null'
   at System.Reflection.RuntimeAssembly.InternalLoad(AssemblyName assemblyName, StackCrawlMark& stackMark, AssemblyLoadContext assemblyLoadContext, RuntimeAssembly requestingAssembly, Boolean throwOnFileNotFound)
   at System.Reflection.Assembly.Load(AssemblyName assemblyRef)
   at Microsoft.VisualStudio.TestPlatform.Common.Utilities.FakesUtilities.LoadTestPlatformAssembly()
TpTrace Verbose: 0 : 34332, 1, 2023/02/13, 12:59:07.923, 123665932992, vstest.console.dll, TestPluginCache.DiscoverTestExtensions: finding test extensions in assemblies ends with: TestLogger.dll TPluginInfo: Microsoft.VisualStudio.TestPlatform.Common.ExtensionFramework.Utilities.TestLoggerPluginInformation TExtension: Microsoft.VisualStudio.TestPlatform.ObjectModel.Client.ITestLogger
TpTrace Verbose: 0 : 34332, 1, 2023/02/13, 12:59:07.923, 123665933665, vstest.console.dll, TestPluginCache.GetExtensionPaths: Filtered extension paths: 
TpTrace Verbose: 0 : 34332, 1, 2023/02/13, 12:59:07.923, 123665933966, vstest.console.dll, TestPluginCache.GetExtensionPaths: Added default extension paths: C:\Program Files\dotnet\sdk\7.0.101\Extensions\Microsoft.Diagnostics.NETCore.Client.dll
C:\Program Files\dotnet\sdk\7.0.101\Extensions\Microsoft.TestPlatform.Extensions.BlameDataCollector.dll
C:\Program Files\dotnet\sdk\7.0.101\Extensions\Microsoft.TestPlatform.Extensions.EventLogCollector.dll
C:\Program Files\dotnet\sdk\7.0.101\Extensions\Microsoft.TestPlatform.TestHostRuntimeProvider.dll
C:\Program Files\dotnet\sdk\7.0.101\Extensions\Microsoft.VisualStudio.TestPlatform.Extensions.Html.TestLogger.dll
C:\Program Files\dotnet\sdk\7.0.101\Extensions\Microsoft.VisualStudio.TestPlatform.Extensions.Trx.TestLogger.dll
TpTrace Verbose: 0 : 34332, 1, 2023/02/13, 12:59:07.923, 123665934257, vstest.console.dll, TestPluginCache.GetExtensionPaths: Added unfilterableExtensionPaths: 
TpTrace Information: 0 : 34332, 1, 2023/02/13, 12:59:07.923, 123665935129, vstest.console.dll, AssemblyResolver.AddSearchDirectories: Adding more searchDirectories C:\Program Files\dotnet\sdk\7.0.101\Extensions,C:\Program Files\dotnet\sdk\7.0.101
TpTrace Verbose: 0 : 34332, 1, 2023/02/13, 12:59:07.923, 123665935486, vstest.console.dll, TestPluginCache.DiscoverTestExtensions: Discovering the extensions using extension path.
TpTrace Verbose: 0 : 34332, 1, 2023/02/13, 12:59:07.923, 123665935757, vstest.console.dll, TestPluginCache.GetExtensionPaths: Filtered extension paths: 
TpTrace Verbose: 0 : 34332, 1, 2023/02/13, 12:59:07.923, 123665935966, vstest.console.dll, TestPluginCache.GetExtensionPaths: Added default extension paths: C:\Program Files\dotnet\sdk\7.0.101\Extensions\Microsoft.Diagnostics.NETCore.Client.dll
C:\Program Files\dotnet\sdk\7.0.101\Extensions\Microsoft.TestPlatform.Extensions.BlameDataCollector.dll
C:\Program Files\dotnet\sdk\7.0.101\Extensions\Microsoft.TestPlatform.Extensions.EventLogCollector.dll
C:\Program Files\dotnet\sdk\7.0.101\Extensions\Microsoft.TestPlatform.TestHostRuntimeProvider.dll
C:\Program Files\dotnet\sdk\7.0.101\Extensions\Microsoft.VisualStudio.TestPlatform.Extensions.Html.TestLogger.dll
C:\Program Files\dotnet\sdk\7.0.101\Extensions\Microsoft.VisualStudio.TestPlatform.Extensions.Trx.TestLogger.dll
TpTrace Verbose: 0 : 34332, 1, 2023/02/13, 12:59:07.923, 123665936215, vstest.console.dll, TestPluginCache.GetExtensionPaths: Added unfilterableExtensionPaths: 
TpTrace Verbose: 0 : 34332, 1, 2023/02/13, 12:59:07.923, 123665936425, vstest.console.dll, TestPluginCache.DiscoverTestExtensions: Discovering the extensions using allExtensionPaths: C:\Program Files\dotnet\sdk\7.0.101\Extensions\Microsoft.Diagnostics.NETCore.Client.dll
C:\Program Files\dotnet\sdk\7.0.101\Extensions\Microsoft.TestPlatform.Extensions.BlameDataCollector.dll
C:\Program Files\dotnet\sdk\7.0.101\Extensions\Microsoft.TestPlatform.Extensions.EventLogCollector.dll
C:\Program Files\dotnet\sdk\7.0.101\Extensions\Microsoft.TestPlatform.TestHostRuntimeProvider.dll
C:\Program Files\dotnet\sdk\7.0.101\Extensions\Microsoft.VisualStudio.TestPlatform.Extensions.Html.TestLogger.dll
C:\Program Files\dotnet\sdk\7.0.101\Extensions\Microsoft.VisualStudio.TestPlatform.Extensions.Trx.TestLogger.dll
TpTrace Information: 0 : 34332, 1, 2023/02/13, 12:59:07.923, 123665937142, vstest.console.dll, AssemblyResolver.AddSearchDirectories: Adding more searchDirectories C:\Program Files\dotnet\sdk\7.0.101\Extensions,C:\Program Files\dotnet\sdk\7.0.101
TpTrace Information: 0 : 34332, 1, 2023/02/13, 12:59:07.924, 123665937446, vstest.console.dll, AssemblyResolver.AddSearchDirectories: Adding more searchDirectories C:\Program Files\dotnet\sdk\7.0.101\Extensions,C:\Program Files\dotnet\sdk\7.0.101
TpTrace Information: 0 : 34332, 1, 2023/02/13, 12:59:07.924, 123665937652, vstest.console.dll, AssemblyResolver.AddSearchDirectories: Adding more searchDirectories C:\Program Files\dotnet\sdk\7.0.101\Extensions,C:\Program Files\dotnet\sdk\7.0.101
TpTrace Information: 0 : 34332, 1, 2023/02/13, 12:59:07.924, 123665937838, vstest.console.dll, AssemblyResolver.AddSearchDirectories: Adding more searchDirectories C:\Program Files\dotnet\sdk\7.0.101\Extensions,C:\Program Files\dotnet\sdk\7.0.101
TpTrace Information: 0 : 34332, 1, 2023/02/13, 12:59:07.924, 123665938068, vstest.console.dll, AssemblyResolver.AddSearchDirectories: Adding more searchDirectories C:\Program Files\dotnet\sdk\7.0.101\Extensions,C:\Program Files\dotnet\sdk\7.0.101
TpTrace Information: 0 : 34332, 1, 2023/02/13, 12:59:07.924, 123665938253, vstest.console.dll, AssemblyResolver.AddSearchDirectories: Adding more searchDirectories C:\Program Files\dotnet\sdk\7.0.101\Extensions,C:\Program Files\dotnet\sdk\7.0.101
TpTrace Verbose: 0 : 34332, 1, 2023/02/13, 12:59:07.924, 123665939005, vstest.console.dll, MetadataReaderExtensionsHelper: Discovering extensions inside assembly 'Microsoft.Diagnostics.NETCore.Client, Version=0.2.6.42401, Culture=neutral, PublicKeyToken=31bf3856ad364e35' file path 'C:\Program Files\dotnet\sdk\7.0.101\Extensions\Microsoft.Diagnostics.NETCore.Client.dll'
TpTrace Information: 0 : 34332, 1, 2023/02/13, 12:59:07.924, 123665944066, vstest.console.dll, AssemblyResolver.OnResolve: Microsoft.Bcl.AsyncInterfaces: Resolving assembly.
TpTrace Information: 0 : 34332, 1, 2023/02/13, 12:59:07.924, 123665944498, vstest.console.dll, AssemblyResolver.OnResolve: Microsoft.Bcl.AsyncInterfaces: Resolved from cache.
TpTrace Verbose: 0 : 34332, 1, 2023/02/13, 12:59:07.924, 123665944710, vstest.console.dll, CurrentDomainAssemblyResolve: Resolving assembly 'Microsoft.Bcl.AsyncInterfaces'.
TpTrace Information: 0 : 34332, 1, 2023/02/13, 12:59:07.924, 123665944999, vstest.console.dll, AssemblyResolver.OnResolve: Microsoft.Bcl.AsyncInterfaces: Resolving assembly.
TpTrace Information: 0 : 34332, 1, 2023/02/13, 12:59:07.924, 123665945194, vstest.console.dll, AssemblyResolver.OnResolve: Microsoft.Bcl.AsyncInterfaces: Resolved from cache.
TpTrace Verbose: 0 : 34332, 1, 2023/02/13, 12:59:07.924, 123665945416, vstest.console.dll, CurrentDomainAssemblyResolve: Resolving assembly 'Microsoft.Bcl.AsyncInterfaces'.
TpTrace Verbose: 0 : 34332, 1, 2023/02/13, 12:59:07.924, 123665945585, vstest.console.dll, CurrentDomainAssemblyResolve: Failed to resolve assembly 'Microsoft.Bcl.AsyncInterfaces'.
TpTrace Verbose: 0 : 34332, 1, 2023/02/13, 12:59:07.924, 123665946519, vstest.console.dll, CurrentDomainAssemblyResolve: Failed to resolve assembly 'Microsoft.Bcl.AsyncInterfaces'.
TpTrace Warning: 0 : 34332, 1, 2023/02/13, 12:59:07.925, 123665948777, vstest.console.dll, TestPluginDiscoverer: Failed to get types from assembly 'Microsoft.Diagnostics.NETCore.Client, Version=0.2.6.42401, Culture=neutral, PublicKeyToken=31bf3856ad364e35'. Error: System.Reflection.ReflectionTypeLoadException: Unable to load one or more of the requested types.
Could not load file or assembly 'Microsoft.Bcl.AsyncInterfaces, Version=1.0.0.0, Culture=neutral, PublicKeyToken=cc7b13ffcd2ddd51'. El sistema no puede encontrar el archivo especificado.
   at System.Reflection.RuntimeModule.GetTypes(RuntimeModule module)
   at System.Reflection.Assembly.GetTypes()
   at Microsoft.VisualStudio.TestPlatform.Common.ExtensionFramework.TestPluginDiscoverer.GetTestExtensionsFromAssembly[TPluginInfo,TExtension](Assembly assembly, Dictionary`2 pluginInfos, String filePath)
System.IO.FileNotFoundException: Could not load file or assembly 'Microsoft.Bcl.AsyncInterfaces, Version=1.0.0.0, Culture=neutral, PublicKeyToken=cc7b13ffcd2ddd51'. El sistema no puede encontrar el archivo especificado.
File name: 'Microsoft.Bcl.AsyncInterfaces, Version=1.0.0.0, Culture=neutral, PublicKeyToken=cc7b13ffcd2ddd51'
 ---> System.IO.FileNotFoundException: Could not load file or assembly 'Microsoft.Bcl.AsyncInterfaces, Culture=neutral, PublicKeyToken=null'. El sistema no puede encontrar el archivo especificado.
File name: 'Microsoft.Bcl.AsyncInterfaces, Culture=neutral, PublicKeyToken=null'
   at System.Reflection.RuntimeAssembly.InternalLoad(AssemblyName assemblyName, StackCrawlMark& stackMark, AssemblyLoadContext assemblyLoadContext, RuntimeAssembly requestingAssembly, Boolean throwOnFileNotFound)
   at System.Reflection.Assembly.Load(AssemblyName assemblyRef)
   at Microsoft.VisualStudio.TestPlatform.Common.ExtensionFramework.TestPluginCache.CurrentDomainAssemblyResolve(Object sender, AssemblyResolveEventArgs args)
   at System.Runtime.Loader.AssemblyLoadContext.GetFirstResolvedAssemblyFromResolvingEvent(AssemblyName assemblyName)
   at System.Runtime.Loader.AssemblyLoadContext.ResolveUsingEvent(AssemblyName assemblyName)
   at System.Runtime.Loader.AssemblyLoadContext.ResolveUsingResolvingEvent(IntPtr gchManagedAssemblyLoadContext, AssemblyName assemblyName)
TpTrace Warning: 0 : 34332, 1, 2023/02/13, 12:59:07.925, 123665950026, vstest.console.dll, LoaderExceptions: System.IO.FileNotFoundException: Could not load file or assembly 'Microsoft.Bcl.AsyncInterfaces, Version=1.0.0.0, Culture=neutral, PublicKeyToken=cc7b13ffcd2ddd51'. El sistema no puede encontrar el archivo especificado.
File name: 'Microsoft.Bcl.AsyncInterfaces, Version=1.0.0.0, Culture=neutral, PublicKeyToken=cc7b13ffcd2ddd51'
 ---> System.IO.FileNotFoundException: Could not load file or assembly 'Microsoft.Bcl.AsyncInterfaces, Culture=neutral, PublicKeyToken=null'. El sistema no puede encontrar el archivo especificado.
File name: 'Microsoft.Bcl.AsyncInterfaces, Culture=neutral, PublicKeyToken=null'
   at System.Reflection.RuntimeAssembly.InternalLoad(AssemblyName assemblyName, StackCrawlMark& stackMark, AssemblyLoadContext assemblyLoadContext, RuntimeAssembly requestingAssembly, Boolean throwOnFileNotFound)
   at System.Reflection.Assembly.Load(AssemblyName assemblyRef)
   at Microsoft.VisualStudio.TestPlatform.Common.ExtensionFramework.TestPluginCache.CurrentDomainAssemblyResolve(Object sender, AssemblyResolveEventArgs args)
   at System.Runtime.Loader.AssemblyLoadContext.GetFirstResolvedAssemblyFromResolvingEvent(AssemblyName assemblyName)
   at System.Runtime.Loader.AssemblyLoadContext.ResolveUsingEvent(AssemblyName assemblyName)
   at System.Runtime.Loader.AssemblyLoadContext.ResolveUsingResolvingEvent(IntPtr gchManagedAssemblyLoadContext, AssemblyName assemblyName)
TpTrace Verbose: 0 : 34332, 1, 2023/02/13, 12:59:07.925, 123665950620, vstest.console.dll, MetadataReaderExtensionsHelper: Discovering extensions inside assembly 'Microsoft.TestPlatform.Extensions.BlameDataCollector, Version=15.0.0.0, Culture=neutral, PublicKeyToken=b03f5f7f11d50a3a' file path 'C:\Program Files\dotnet\sdk\7.0.101\Extensions\Microsoft.TestPlatform.Extensions.BlameDataCollector.dll'
TpTrace Information: 0 : 34332, 1, 2023/02/13, 12:59:07.925, 123665954036, vstest.console.dll, GetTestExtensionFromType: Register extension with identifier data 'logger://Microsoft/TestPlatform/Extensions/Blame/v1' and type 'Microsoft.TestPlatform.Extensions.BlameDataCollector.BlameLogger, Microsoft.TestPlatform.Extensions.BlameDataCollector, Version=15.0.0.0, Culture=neutral, PublicKeyToken=b03f5f7f11d50a3a' inside file 'C:\Program Files\dotnet\sdk\7.0.101\Extensions\Microsoft.TestPlatform.Extensions.BlameDataCollector.dll'
TpTrace Verbose: 0 : 34332, 1, 2023/02/13, 12:59:07.925, 123665954617, vstest.console.dll, MetadataReaderExtensionsHelper: Discovering extensions inside assembly 'Microsoft.TestPlatform.Extensions.EventLogCollector, Version=15.0.0.0, Culture=neutral, PublicKeyToken=b03f5f7f11d50a3a' file path 'C:\Program Files\dotnet\sdk\7.0.101\Extensions\Microsoft.TestPlatform.Extensions.EventLogCollector.dll'
TpTrace Verbose: 0 : 34332, 1, 2023/02/13, 12:59:07.925, 123665956819, vstest.console.dll, MetadataReaderExtensionsHelper: Discovering extensions inside assembly 'Microsoft.TestPlatform.TestHostRuntimeProvider, Version=15.0.0.0, Culture=neutral, PublicKeyToken=b03f5f7f11d50a3a' file path 'C:\Program Files\dotnet\sdk\7.0.101\Extensions\Microsoft.TestPlatform.TestHostRuntimeProvider.dll'
TpTrace Verbose: 0 : 34332, 1, 2023/02/13, 12:59:07.926, 123665959289, vstest.console.dll, MetadataReaderExtensionsHelper: Discovering extensions inside assembly 'Microsoft.VisualStudio.TestPlatform.Extensions.Html.TestLogger, Version=15.0.0.0, Culture=neutral, PublicKeyToken=b03f5f7f11d50a3a' file path 'C:\Program Files\dotnet\sdk\7.0.101\Extensions\Microsoft.VisualStudio.TestPlatform.Extensions.Html.TestLogger.dll'
TpTrace Information: 0 : 34332, 1, 2023/02/13, 12:59:07.926, 123665962854, vstest.console.dll, GetTestExtensionFromType: Register extension with identifier data 'logger://Microsoft/TestPlatform/HtmlLogger/v1' and type 'Microsoft.VisualStudio.TestPlatform.Extensions.HtmlLogger.HtmlLogger, Microsoft.VisualStudio.TestPlatform.Extensions.Html.TestLogger, Version=15.0.0.0, Culture=neutral, PublicKeyToken=b03f5f7f11d50a3a' inside file 'C:\Program Files\dotnet\sdk\7.0.101\Extensions\Microsoft.VisualStudio.TestPlatform.Extensions.Html.TestLogger.dll'
TpTrace Verbose: 0 : 34332, 1, 2023/02/13, 12:59:07.926, 123665963392, vstest.console.dll, MetadataReaderExtensionsHelper: Discovering extensions inside assembly 'Microsoft.VisualStudio.TestPlatform.Extensions.Trx.TestLogger, Version=15.0.0.0, Culture=neutral, PublicKeyToken=b03f5f7f11d50a3a' file path 'C:\Program Files\dotnet\sdk\7.0.101\Extensions\Microsoft.VisualStudio.TestPlatform.Extensions.Trx.TestLogger.dll'
TpTrace Information: 0 : 34332, 1, 2023/02/13, 12:59:07.926, 123665966004, vstest.console.dll, GetTestExtensionFromType: Register extension with identifier data 'logger://Microsoft/TestPlatform/TrxLogger/v1' and type 'Microsoft.VisualStudio.TestPlatform.Extensions.TrxLogger.TrxLogger, Microsoft.VisualStudio.TestPlatform.Extensions.Trx.TestLogger, Version=15.0.0.0, Culture=neutral, PublicKeyToken=b03f5f7f11d50a3a' inside file 'C:\Program Files\dotnet\sdk\7.0.101\Extensions\Microsoft.VisualStudio.TestPlatform.Extensions.Trx.TestLogger.dll'
TpTrace Verbose: 0 : 34332, 1, 2023/02/13, 12:59:07.926, 123665966736, vstest.console.dll, TestPluginCache: Discovered the extensions using extension path ''.
TpTrace Verbose: 0 : 34332, 1, 2023/02/13, 12:59:07.926, 123665966983, vstest.console.dll, TestPluginCache: Discoverers are ''.
TpTrace Verbose: 0 : 34332, 1, 2023/02/13, 12:59:07.926, 123665967157, vstest.console.dll, TestPluginCache: Executors are ''.
TpTrace Verbose: 0 : 34332, 1, 2023/02/13, 12:59:07.927, 123665967318, vstest.console.dll, TestPluginCache: Executors2 are ''.
TpTrace Verbose: 0 : 34332, 1, 2023/02/13, 12:59:07.927, 123665967470, vstest.console.dll, TestPluginCache: Setting providers are ''.
TpTrace Verbose: 0 : 34332, 1, 2023/02/13, 12:59:07.927, 123665967879, vstest.console.dll, TestPluginCache: Loggers are 'logger://Microsoft/TestPlatform/Extensions/Blame/v1,logger://Microsoft/TestPlatform/HtmlLogger/v1,logger://Microsoft/TestPlatform/TrxLogger/v1'.
TpTrace Verbose: 0 : 34332, 1, 2023/02/13, 12:59:07.927, 123665968253, vstest.console.dll, TestPluginCache: TestHosts are 'HostProvider://DefaultTestHost,HostProvider://DotnetTestHost'.
TpTrace Verbose: 0 : 34332, 1, 2023/02/13, 12:59:07.927, 123665968455, vstest.console.dll, TestPluginCache: DataCollectors are ''.
TpTrace Information: 0 : 34332, 1, 2023/02/13, 12:59:07.927, 123665974378, vstest.console.dll, TestPluginManager.CreateTestExtension: Attempting to load test extension: Microsoft.TestPlatform.Extensions.BlameDataCollector.BlameLogger
TpTrace Verbose: 0 : 34332, 1, 2023/02/13, 12:59:07.932, 123666026969, vstest.console.dll, TestEngine: Initializing Parallel Execution as MaxCpuCount is set to: 1
TpTrace Information: 0 : 34332, 1, 2023/02/13, 12:59:07.934, 123666039691, vstest.console.dll, TestPluginManager.CreateTestExtension: Attempting to load test extension: Microsoft.VisualStudio.TestPlatform.CrossPlatEngine.Hosting.DefaultTestHostManager
TpTrace Information: 0 : 34332, 1, 2023/02/13, 12:59:07.934, 123666047194, vstest.console.dll, TestPluginManager.CreateTestExtension: Attempting to load test extension: Microsoft.VisualStudio.TestPlatform.CrossPlatEngine.Hosting.DotnetTestHostManager
TpTrace Information: 0 : 34332, 1, 2023/02/13, 12:59:07.935, 123666052386, vstest.console.dll, InferRunSettingsHelper.IsTestSettingsEnabled: Unable to navigate to RunSettings/MSTest. Current node: RunSettings
TpTrace Verbose: 0 : 34332, 1, 2023/02/13, 12:59:07.938, 123666082744, vstest.console.dll, TestEngine.GetExecutionManager: Chosen execution manager 'Microsoft.VisualStudio.TestPlatform.CrossPlatEngine.Client.Parallel.ParallelProxyExecutionManager, Microsoft.TestPlatform.CrossPlatEngine, Version=15.0.0.0, Culture=neutral, PublicKeyToken=b03f5f7f11d50a3a' ParallelLevel '1'.
TpTrace Verbose: 0 : 34332, 1, 2023/02/13, 12:59:07.938, 123666083770, vstest.console.dll, TestRunRequest.ExecuteAsync: Creating test run request.
TpTrace Verbose: 0 : 34332, 1, 2023/02/13, 12:59:07.938, 123666085540, vstest.console.dll, TestRunRequest.ExecuteAsync: Starting.
TpTrace Information: 0 : 34332, 1, 2023/02/13, 12:59:07.939, 123666087464, vstest.console.dll, TestRunRequest.ExecuteAsync: Starting run with settings:TestRunCriteria:
   KeepAlive=False,FrequencyOfRunStatsChangeEvent=10,RunStatsChangeEventTimeout=00:00:01.5000000,TestCaseFilter=,TestExecutorLauncher=
   Settingsxml=<RunSettings>
  <RunConfiguration>
    <ResultsDirectory>C:\Users\manue\OneDrive\Escritorio\PARAMONT\NEW\Sat.Recruitment.Test\bin\Debug\net6.0\fine-code-coverage\coverage-tool-output</ResultsDirectory>
    <TargetPlatform>X64</TargetPlatform>
    <TargetFrameworkVersion>.NETCoreApp,Version=v6.0</TargetFrameworkVersion>
    <DesignMode>False</DesignMode>
    <CollectSourceInformation>False</CollectSourceInformation>
  </RunConfiguration>
  <LoggerRunSettings>
    <Loggers>
      <Logger friendlyName="blame" enabled="True" />
      <Logger friendlyName="Console" uri="logger://microsoft/TestPlatform/ConsoleLogger/v1" assemblyQualifiedName="Microsoft.VisualStudio.TestPlatform.CommandLine.Internal.ConsoleLogger, vstest.console, Version=15.0.0.0, Culture=neutral, PublicKeyToken=b03f5f7f11d50a3a" codeBase="C:\Program Files\dotnet\sdk\7.0.101\vstest.console.dll" enabled="True" />
    </Loggers>
  </LoggerRunSettings>
  <DataCollectionRunSettings>
    <DataCollectors>
      <DataCollector friendlyName="blame" enabled="True">
        <Configuration>
          <ResultsDirectory>C:\Users\manue\OneDrive\Escritorio\PARAMONT\NEW\Sat.Recruitment.Test\bin\Debug\net6.0\fine-code-coverage\coverage-tool-output</ResultsDirectory>
        </Configuration>
      </DataCollector>
    </DataCollectors>
  </DataCollectionRunSettings>
</RunSettings>

TpTrace Verbose: 0 : 34332, 1, 2023/02/13, 12:59:07.939, 123666087894, vstest.console.dll, TestRunRequest.ExecuteAsync: Wait for the first run request is over.
TpTrace Verbose: 0 : 34332, 1, 2023/02/13, 12:59:07.939, 123666089879, vstest.console.dll, MulticastDelegateUtilities.SafeInvoke: TestRun.TestRunStart: Invoking callbacks was skipped because there are no subscribers.
TpTrace Verbose: 0 : 34332, 4, 2023/02/13, 12:59:07.939, 123666092076, vstest.console.dll, MulticastDelegateUtilities.SafeInvoke: InternalTestLoggerEvents.SendTestRunStart: Invoking callback 1/1 for Microsoft.VisualStudio.TestPlatform.CommandLine.Internal.ConsoleLogger., took 0 ms.
TpTrace Verbose: 0 : 34332, 1, 2023/02/13, 12:59:07.940, 123666099108, vstest.console.dll, ParallelProxyExecutionManager: Start execution. Total sources: 1
TpTrace Verbose: 0 : 34332, 1, 2023/02/13, 12:59:07.941, 123666110863, vstest.console.dll, TestRequestSender is acting as server.
TpTrace Verbose: 0 : 34332, 1, 2023/02/13, 12:59:07.942, 123666120383, vstest.console.dll, DataCollectionRequestSender.InitializeCommunication : Initialize communication. 
TpTrace Information: 0 : 34332, 1, 2023/02/13, 12:59:07.946, 123666158908, vstest.console.dll, Listening on Endpoint : 127.0.0.1:56166
TpTrace Verbose: 0 : 34332, 1, 2023/02/13, 12:59:07.951, 123666211624, vstest.console.dll, DotnetDataCollectionLauncher: Adding  --runtimeconfig "C:\Program Files\dotnet\sdk\7.0.101\datacollector.runtimeconfig.json" in args
TpTrace Verbose: 0 : 34332, 1, 2023/02/13, 12:59:07.951, 123666212522, vstest.console.dll, DotnetDataCollectionLauncher: Adding  --depsfile "C:\Program Files\dotnet\sdk\7.0.101\datacollector.deps.json" in args
TpTrace Verbose: 0 : 34332, 1, 2023/02/13, 12:59:07.951, 123666213873, vstest.console.dll, DotnetDataCollectionLauncher: Full path of dotnet.exe is C:\Program Files\dotnet\dotnet.exe
TpTrace Information: 0 : 34332, 1, 2023/02/13, 12:59:07.959, 123666295055, vstest.console.dll, ProxyDataCollectionManager.Initialize: Launched datacollector processId: 42428 port: 56166
TpTrace Information: 0 : 34332, 1, 2023/02/13, 12:59:07.959, 123666297083, vstest.console.dll, ProxyDataCollectionManager.Initialize: waiting for connection with timeout: 90 seconds
TpTrace Verbose: 0 : 34332, 1, 2023/02/13, 12:59:07.960, 123666297832, vstest.console.dll, DataCollectionRequestSender.WaitForRequestHandlerConnection : Waiting for connection with timeout: 90000
TpTrace Information: 0 : 34332, 8, 2023/02/13, 12:59:08.075, 123667454944, vstest.console.dll, Using the buffer size of 16384 bytes
TpTrace Verbose: 0 : 34332, 1, 2023/02/13, 12:59:08.075, 123667455118, vstest.console.dll, SocketCommunicationManager.WaitForClientConnection took: 115 ms, with 90000 ms timeout, and finished with True.
TpTrace Information: 0 : 34332, 8, 2023/02/13, 12:59:08.075, 123667456318, vstest.console.dll, Accepted Client request and set the flag
TpTrace Verbose: 0 : 34332, 1, 2023/02/13, 12:59:08.076, 123667457428, vstest.console.dll, ProxyDataCollectionManager.InvokeDataCollectionServiceAction: Starting.
TpTrace Information: 0 : 34332, 1, 2023/02/13, 12:59:08.076, 123667458134, vstest.console.dll, ProxyDataCollectionManager.BeforeTestRunStart: Get environment variable and port for datacollector processId: 42428 port: 56166
TpTrace Verbose: 0 : 34332, 1, 2023/02/13, 12:59:08.076, 123667458955, vstest.console.dll, DataCollectionRequestSender.SendBeforeTestRunStartAndGetResult: Send BeforeTestRunStart message with settingsXml <RunSettings><RunConfiguration><ResultsDirectory>C:\Users\manue\OneDrive\Escritorio\PARAMONT\NEW\Sat.Recruitment.Test\bin\Debug\net6.0\fine-code-coverage\coverage-tool-output</ResultsDirectory><TargetPlatform>X64</TargetPlatform><TargetFrameworkVersion>.NETCoreApp,Version=v6.0</TargetFrameworkVersion><DesignMode>False</DesignMode><CollectSourceInformation>False</CollectSourceInformation><TestAdaptersPaths>C:\Program Files\dotnet\sdk\7.0.101\Extensions</TestAdaptersPaths></RunConfiguration><LoggerRunSettings><Loggers><Logger friendlyName="blame" enabled="True" /><Logger friendlyName="Console" uri="logger://microsoft/TestPlatform/ConsoleLogger/v1" assemblyQualifiedName="Microsoft.VisualStudio.TestPlatform.CommandLine.Internal.ConsoleLogger, vstest.console, Version=15.0.0.0, Culture=neutral, PublicKeyToken=b03f5f7f11d50a3a" codeBase="C:\Program Files\dotnet\sdk\7.0.101\vstest.console.dll" enabled="True" /></Loggers></LoggerRunSettings><DataCollectionRunSettings><DataCollectors><DataCollector friendlyName="blame" enabled="True"><Configuration><ResultsDirectory>C:\Users\manue\OneDrive\Escritorio\PARAMONT\NEW\Sat.Recruitment.Test\bin\Debug\net6.0\fine-code-coverage\coverage-tool-output</ResultsDirectory></Configuration></DataCollector></DataCollectors></DataCollectionRunSettings></RunSettings> and sources System.Collections.Generic.List`1[System.String]: 
TpTrace Verbose: 0 : 34332, 1, 2023/02/13, 12:59:08.130, 123668005525, vstest.console.dll, DataCollectionRequestSender.SendBeforeTestRunStartAndGetResult: Received message: (DataCollection.SendMessage) -> {"MessageType":"DataCollection.SendMessage","Payload":{"FriendlyName":null,"Uri":null,"TestCaseId":"00000000-0000-0000-0000-000000000000","Message":"Logging DataCollector Diagnostics in file: C:\\Users\\manue\\OneDrive\\Escritorio\\PARAMONT\\NEW\\Sat.Recruitment.Test\\bin\\Debug\\net6.0\\fine-code-coverage\\coverage-tool-output\\diagnostics.datacollector.23-02-13_12-59-07_95122_1.log","Level":0}}
TpTrace Information: 0 : 34332, 1, 2023/02/13, 12:59:08.137, 123668077065, vstest.console.dll, AssemblyResolver.OnResolve: Microsoft.VisualStudio.TestPlatform.Common.resources: Resolving assembly.
TpTrace Information: 0 : 34332, 1, 2023/02/13, 12:59:08.138, 123668077689, vstest.console.dll, AssemblyResolver.OnResolve: Microsoft.VisualStudio.TestPlatform.Common.resources: Searching in: 'C:\Program Files\dotnet\sdk\7.0.101\Extensions'.
TpTrace Information: 0 : 34332, 1, 2023/02/13, 12:59:08.138, 123668078236, vstest.console.dll, AssemblyResolver.OnResolve: Microsoft.VisualStudio.TestPlatform.Common.resources: Assembly path does not exist: 'C:\Program Files\dotnet\sdk\7.0.101\Extensions\Microsoft.VisualStudio.TestPlatform.Common.resources.dll', returning.
TpTrace Information: 0 : 34332, 1, 2023/02/13, 12:59:08.138, 123668078805, vstest.console.dll, AssemblyResolver.OnResolve: Microsoft.VisualStudio.TestPlatform.Common.resources: Assembly path does not exist: 'C:\Program Files\dotnet\sdk\7.0.101\Extensions\Microsoft.VisualStudio.TestPlatform.Common.resources.exe', returning.
TpTrace Information: 0 : 34332, 1, 2023/02/13, 12:59:08.138, 123668079048, vstest.console.dll, AssemblyResolver.OnResolve: Microsoft.VisualStudio.TestPlatform.Common.resources: Searching in: 'C:\Program Files\dotnet\sdk\7.0.101'.
TpTrace Information: 0 : 34332, 1, 2023/02/13, 12:59:08.138, 123668079488, vstest.console.dll, AssemblyResolver.OnResolve: Microsoft.VisualStudio.TestPlatform.Common.resources: Assembly path does not exist: 'C:\Program Files\dotnet\sdk\7.0.101\Microsoft.VisualStudio.TestPlatform.Common.resources.dll', returning.
TpTrace Information: 0 : 34332, 1, 2023/02/13, 12:59:08.138, 123668079994, vstest.console.dll, AssemblyResolver.OnResolve: Microsoft.VisualStudio.TestPlatform.Common.resources: Assembly path does not exist: 'C:\Program Files\dotnet\sdk\7.0.101\Microsoft.VisualStudio.TestPlatform.Common.resources.exe', returning.
TpTrace Information: 0 : 34332, 1, 2023/02/13, 12:59:08.138, 123668080241, vstest.console.dll, AssemblyResolver.OnResolve: Microsoft.VisualStudio.TestPlatform.Common.resources: Failed to load assembly.
TpTrace Verbose: 0 : 34332, 1, 2023/02/13, 12:59:08.189, 123668590348, vstest.console.dll, DataCollectionRequestSender.SendBeforeTestRunStartAndGetResult: Received message: (DataCollection.BeforeTestRunStartResult) -> {"MessageType":"DataCollection.BeforeTestRunStartResult","Payload":{"EnvironmentVariables":{},"DataCollectionEventsPort":56168}}
TpTrace Information: 0 : 34332, 1, 2023/02/13, 12:59:08.193, 123668627954, vstest.console.dll, ProxyDataCollectionManager.BeforeTestRunStart: SendBeforeTestRunStartAndGetResult successful, env variable from datacollector:   and testhost port: 56168
TpTrace Information: 0 : 34332, 1, 2023/02/13, 12:59:08.193, 123668628522, vstest.console.dll, ProxyDataCollectionManager.InvokeDataCollectionServiceAction: Completed.
TpTrace Verbose: 0 : 34332, 1, 2023/02/13, 12:59:08.193, 123668629498, vstest.console.dll, ProxyParallelExecutionManager: No sources available for execution.
TpTrace Verbose: 0 : 34332, 8, 2023/02/13, 12:59:08.193, 123668629671, vstest.console.dll, ParallelProxyExecutionManager: Execution started. Started clients: 1
TpTrace Information: 0 : 34332, 1, 2023/02/13, 12:59:08.193, 123668629933, vstest.console.dll, TestRunRequest.ExecuteAsync: Started.
TpTrace Verbose: 0 : 34332, 1, 2023/02/13, 12:59:08.193, 123668631395, vstest.console.dll, TestRunRequest.WaitForCompletion: Waiting with timeout -1.
TpTrace Verbose: 0 : 34332, 8, 2023/02/13, 12:59:08.193, 123668632116, vstest.console.dll, TestRunRequest:SendTestRunMessage: Starting.
TpTrace Verbose: 0 : 34332, 8, 2023/02/13, 12:59:08.193, 123668633434, vstest.console.dll, MulticastDelegateUtilities.SafeInvoke: TestRun.LogMessages: Invoking callback 1/1 for Microsoft.VisualStudio.TestPlatform.CommandLine.TestRunResultAggregator., took 0 ms.
TpTrace Information: 0 : 34332, 8, 2023/02/13, 12:59:08.193, 123668633798, vstest.console.dll, TestRunRequest:SendTestRunMessage: Completed.
TpTrace Verbose: 0 : 34332, 4, 2023/02/13, 12:59:08.193, 123668634871, vstest.console.dll, MulticastDelegateUtilities.SafeInvoke: InternalTestLoggerEvents.SendTestRunMessage: Invoking callback 1/1 for Microsoft.VisualStudio.TestPlatform.CommandLine.Internal.ConsoleLogger., took 0 ms.
TpTrace Verbose: 0 : 34332, 8, 2023/02/13, 12:59:08.193, 123668635460, vstest.console.dll, ProxyExecutionManager: Test host is always Lazy initialize.
TpTrace Verbose: 0 : 34332, 8, 2023/02/13, 12:59:08.194, 123668637746, vstest.console.dll, TestRequestSender.InitializeCommunication: initialize communication. 
TpTrace Information: 0 : 34332, 8, 2023/02/13, 12:59:08.194, 123668643162, vstest.console.dll, SocketServer.Start: Listening on endpoint : 127.0.0.1:56169
TpTrace Verbose: 0 : 34332, 8, 2023/02/13, 12:59:08.195, 123668649219, vstest.console.dll, DotnetTestHostmanager.GetTestHostProcessStartInfo: Platform environment 'X64' target architecture 'X64' framework '.NETCoreApp,Version=v6.0' OS 'Windows'
TpTrace Verbose: 0 : 34332, 8, 2023/02/13, 12:59:08.195, 123668650916, vstest.console.dll, DotnetTestHostmanager: Adding  --runtimeconfig "C:\Users\manue\OneDrive\Escritorio\PARAMONT\NEW\Sat.Recruitment.Test\bin\Debug\net6.0\fine-code-coverage\build-output\Sat.Recruitment.Test.runtimeconfig.json" in args
TpTrace Verbose: 0 : 34332, 8, 2023/02/13, 12:59:08.195, 123668651879, vstest.console.dll, DotnetTestHostmanager: Adding  --depsfile "C:\Users\manue\OneDrive\Escritorio\PARAMONT\NEW\Sat.Recruitment.Test\bin\Debug\net6.0\fine-code-coverage\build-output\Sat.Recruitment.Test.deps.json" in args
TpTrace Verbose: 0 : 34332, 8, 2023/02/13, 12:59:08.195, 123668653166, vstest.console.dll, DotnetTestHostmanager.IsWinOnArm: Current PROCESSOR_ARCHITECTURE from environment variable 'AMD64'
TpTrace Verbose: 0 : 34332, 8, 2023/02/13, 12:59:08.195, 123668653771, vstest.console.dll, DotnetTestHostmanager.IsWinOnArm: Is Windows on ARM 'False'
TpTrace Verbose: 0 : 34332, 8, 2023/02/13, 12:59:08.195, 123668654693, vstest.console.dll, DotnetTestHostManager: testhost.exe found at path: C:\Users\manue\OneDrive\Escritorio\PARAMONT\NEW\Sat.Recruitment.Test\bin\Debug\net6.0\fine-code-coverage\build-output\testhost.exe
TpTrace Verbose: 0 : 34332, 8, 2023/02/13, 12:59:08.195, 123668655046, vstest.console.dll, DotnetTestHostmanager: Full path of host exe is C:\Users\manue\OneDrive\Escritorio\PARAMONT\NEW\Sat.Recruitment.Test\bin\Debug\net6.0\fine-code-coverage\build-output\testhost.exe
TpTrace Verbose: 0 : 34332, 8, 2023/02/13, 12:59:08.195, 123668655984, vstest.console.dll, DotnetTestHostmanager.LaunchTestHostAsync: Found 'VSTEST_WINAPPHOST_DOTNET_ROOT' in env variables, value 'C:\Program Files\dotnet', forwarding to 'DOTNET_ROOT'
TpTrace Verbose: 0 : 34332, 8, 2023/02/13, 12:59:08.195, 123668657199, vstest.console.dll, DotnetTestHostManager: Starting process 'C:\Users\manue\OneDrive\Escritorio\PARAMONT\NEW\Sat.Recruitment.Test\bin\Debug\net6.0\fine-code-coverage\build-output\testhost.exe' with command line ' --runtimeconfig "C:\Users\manue\OneDrive\Escritorio\PARAMONT\NEW\Sat.Recruitment.Test\bin\Debug\net6.0\fine-code-coverage\build-output\Sat.Recruitment.Test.runtimeconfig.json" --depsfile "C:\Users\manue\OneDrive\Escritorio\PARAMONT\NEW\Sat.Recruitment.Test\bin\Debug\net6.0\fine-code-coverage\build-output\Sat.Recruitment.Test.deps.json" --port 56169 --endpoint 127.0.0.1:056169 --role client --parentprocessid 34332 --diag "C:\Users\manue\OneDrive\Escritorio\PARAMONT\NEW\Sat.Recruitment.Test\bin\Debug\net6.0\fine-code-coverage\coverage-tool-output\diagnostics.host.23-02-13_12-59-08_19489_8.log" --tracelevel 4 --datacollectionport 56168 --telemetryoptedin false'
TpTrace Verbose: 0 : 34332, 8, 2023/02/13, 12:59:08.204, 123668738725, vstest.console.dll, MulticastDelegateUtilities.SafeInvoke: HostProviderEvents.OnHostLaunched: Invoking callback 1/2 for Microsoft.VisualStudio.TestPlatform.CrossPlatEngine.Client.ProxyExecutionManagerWithDataCollection., took 1 ms.
TpTrace Verbose: 0 : 34332, 8, 2023/02/13, 12:59:08.204, 123668741798, vstest.console.dll, Test Runtime launched
TpTrace Verbose: 0 : 34332, 8, 2023/02/13, 12:59:08.204, 123668742574, vstest.console.dll, MulticastDelegateUtilities.SafeInvoke: HostProviderEvents.OnHostLaunched: Invoking callback 2/2 for Microsoft.VisualStudio.TestPlatform.CrossPlatEngine.Client.ProxyOperationManager., took 0 ms.
TpTrace Verbose: 0 : 34332, 8, 2023/02/13, 12:59:08.204, 123668744276, vstest.console.dll, TestRequestSender.WaitForRequestHandlerConnection: waiting for connection with timeout: 90000.
TpTrace Verbose: 0 : 34332, 13, 2023/02/13, 12:59:08.341, 123670114493, vstest.console.dll, MulticastDelegateUtilities.SafeInvoke: SocketServer: ClientConnected: Invoking callback 1/1 for Microsoft.VisualStudio.TestPlatform.CommunicationUtilities.TestRequestSender., took 0 ms.
TpTrace Verbose: 0 : 34332, 8, 2023/02/13, 12:59:08.341, 123670114494, vstest.console.dll, TestRequestSender.WaitForRequestHandlerConnection: waiting took 137 ms, with timeout 90000 ms, and result 0, which is success.
TpTrace Verbose: 0 : 34332, 13, 2023/02/13, 12:59:08.341, 123670116047, vstest.console.dll, SocketServer.OnClientConnected: Client connected for endPoint: 127.0.0.1:56169, starting MessageLoopAsync:
TpTrace Verbose: 0 : 34332, 14, 2023/02/13, 12:59:08.342, 123670119211, vstest.console.dll, TcpClientExtensions.MessageLoopAsync: Polling on remoteEndPoint: 127.0.0.1:56170 localEndPoint: 127.0.0.1:56169
TpTrace Verbose: 0 : 34332, 8, 2023/02/13, 12:59:08.342, 123670124498, vstest.console.dll, TestRequestSender.CheckVersionWithTestHost: Sending check version message: {"MessageType":"ProtocolVersion","Payload":7}
TpTrace Verbose: 0 : 34332, 14, 2023/02/13, 12:59:08.466, 123671358561, vstest.console.dll, TcpClientExtensions.MessageLoopAsync: NotifyDataAvailable remoteEndPoint: 127.0.0.1:56170 localEndPoint: 127.0.0.1:56169
TpTrace Verbose: 0 : 34332, 14, 2023/02/13, 12:59:08.466, 123671361033, vstest.console.dll, TestRequestSender.CheckVersionWithTestHost: onMessageReceived received message: (ProtocolVersion) -> {"MessageType":"ProtocolVersion","Payload":5}
TpTrace Verbose: 0 : 34332, 14, 2023/02/13, 12:59:08.467, 123671369792, vstest.console.dll, MulticastDelegateUtilities.SafeInvoke: LengthPrefixCommunicationChannel: MessageReceived: Invoking callback 1/1 for Microsoft.VisualStudio.TestPlatform.CommunicationUtilities.TestRequestSender+<>c__DisplayClass26_0., took 0 ms.
TpTrace Verbose: 0 : 34332, 8, 2023/02/13, 12:59:08.467, 123671370613, vstest.console.dll, TestPluginCache.GetExtensionPaths: Filtered extension paths: 
TpTrace Verbose: 0 : 34332, 14, 2023/02/13, 12:59:08.467, 123671371060, vstest.console.dll, TcpClientExtensions.MessageLoopAsync: Polling on remoteEndPoint: 127.0.0.1:56170 localEndPoint: 127.0.0.1:56169
TpTrace Verbose: 0 : 34332, 8, 2023/02/13, 12:59:08.467, 123671371260, vstest.console.dll, TestPluginCache.GetExtensionPaths: Added default extension paths: C:\Program Files\dotnet\sdk\7.0.101\Extensions\Microsoft.Diagnostics.NETCore.Client.dll
C:\Program Files\dotnet\sdk\7.0.101\Extensions\Microsoft.TestPlatform.Extensions.BlameDataCollector.dll
C:\Program Files\dotnet\sdk\7.0.101\Extensions\Microsoft.TestPlatform.Extensions.EventLogCollector.dll
C:\Program Files\dotnet\sdk\7.0.101\Extensions\Microsoft.TestPlatform.TestHostRuntimeProvider.dll
C:\Program Files\dotnet\sdk\7.0.101\Extensions\Microsoft.VisualStudio.TestPlatform.Extensions.Html.TestLogger.dll
C:\Program Files\dotnet\sdk\7.0.101\Extensions\Microsoft.VisualStudio.TestPlatform.Extensions.Trx.TestLogger.dll
TpTrace Verbose: 0 : 34332, 8, 2023/02/13, 12:59:08.467, 123671372298, vstest.console.dll, TestPluginCache.GetExtensionPaths: Added unfilterableExtensionPaths: 
TpTrace Verbose: 0 : 34332, 8, 2023/02/13, 12:59:08.470, 123671400869, vstest.console.dll, TestRequestSender.InitializeExecution: Sending initialize execution with message: {"Version":5,"MessageType":"TestExecution.Initialize","Payload":["C:\\Users\\manue\\OneDrive\\Escritorio\\PARAMONT\\NEW\\Sat.Recruitment.Test\\bin\\Debug\\net6.0\\fine-code-coverage\\build-output\\xunit.runner.visualstudio.dotnetcore.testadapter.dll"]}
TpTrace Warning: 0 : 34332, 8, 2023/02/13, 12:59:08.470, 123671405824, vstest.console.dll, InferRunSettingsHelper.MakeRunsettingsCompatible: Removing the following settings: TargetPlatform from RunSettings file. To use those settings please move to latest version of Microsoft.NET.Test.Sdk
TpTrace Verbose: 0 : 34332, 8, 2023/02/13, 12:59:08.476, 123671464375, vstest.console.dll, TestRequestSender.StartTestRun: Sending test run with message: {"Version":5,"MessageType":"TestExecution.StartWithSources","Payload":{"AdapterSourceMap":{"_none_":["C:\\Users\\manue\\OneDrive\\Escritorio\\PARAMONT\\NEW\\Sat.Recruitment.Test\\bin\\Debug\\net6.0\\fine-code-coverage\\build-output\\Sat.Recruitment.Test.dll"]},"RunSettings":"<RunSettings>\r\n  <RunConfiguration>\r\n    <ResultsDirectory>C:\\Users\\manue\\OneDrive\\Escritorio\\PARAMONT\\NEW\\Sat.Recruitment.Test\\bin\\Debug\\net6.0\\fine-code-coverage\\coverage-tool-output</ResultsDirectory>\r\n    <TargetFrameworkVersion>.NETCoreApp,Version=v6.0</TargetFrameworkVersion>\r\n    <DesignMode>False</DesignMode>\r\n    <CollectSourceInformation>False</CollectSourceInformation>\r\n  </RunConfiguration>\r\n  <LoggerRunSettings>\r\n    <Loggers>\r\n      <Logger friendlyName=\"blame\" enabled=\"True\" />\r\n      <Logger friendlyName=\"Console\" uri=\"logger://microsoft/TestPlatform/ConsoleLogger/v1\" assemblyQualifiedName=\"Microsoft.VisualStudio.TestPlatform.CommandLine.Internal.ConsoleLogger, vstest.console, Version=15.0.0.0, Culture=neutral, PublicKeyToken=b03f5f7f11d50a3a\" codeBase=\"C:\\Program Files\\dotnet\\sdk\\7.0.101\\vstest.console.dll\" enabled=\"True\" />\r\n    </Loggers>\r\n  </LoggerRunSettings>\r\n  <DataCollectionRunSettings>\r\n    <DataCollectors>\r\n      <DataCollector friendlyName=\"blame\" enabled=\"True\">\r\n        <Configuration>\r\n          <ResultsDirectory>C:\\Users\\manue\\OneDrive\\Escritorio\\PARAMONT\\NEW\\Sat.Recruitment.Test\\bin\\Debug\\net6.0\\fine-code-coverage\\coverage-tool-output</ResultsDirectory>\r\n        </Configuration>\r\n      </DataCollector>\r\n    </DataCollectors>\r\n  </DataCollectionRunSettings>\r\n</RunSettings>","TestExecutionContext":{"FrequencyOfRunStatsChangeEvent":10,"RunStatsChangeEventTimeout":"00:00:01.5000000","InIsolation":false,"KeepAlive":false,"AreTestCaseLevelEventsRequired":false,"IsDebug":false,"TestCaseFilter":null,"FilterOptions":null},"Package":null}}
TpTrace Verbose: 0 : 34332, 14, 2023/02/13, 12:59:08.479, 123671493336, vstest.console.dll, TcpClientExtensions.MessageLoopAsync: NotifyDataAvailable remoteEndPoint: 127.0.0.1:56170 localEndPoint: 127.0.0.1:56169
TpTrace Verbose: 0 : 34332, 14, 2023/02/13, 12:59:08.480, 123671497385, vstest.console.dll, TestRequestSender.OnExecutionMessageReceived: Received message: {"Version":5,"MessageType":"TestSession.Message","Payload":{"MessageLevel":0,"Message":"Registrando diagnstico de TestHost en el archivo: C:\\Users\\manue\\OneDrive\\Escritorio\\PARAMONT\\NEW\\Sat.Recruitment.Test\\bin\\Debug\\net6.0\\fine-code-coverage\\coverage-tool-output\\diagnostics.host.23-02-13_12-59-08_19489_8.log"}}
TpTrace Verbose: 0 : 34332, 14, 2023/02/13, 12:59:08.481, 123671516894, vstest.console.dll, TestRunRequest:SendTestRunMessage: Starting.
TpTrace Verbose: 0 : 34332, 14, 2023/02/13, 12:59:08.482, 123671518199, vstest.console.dll, MulticastDelegateUtilities.SafeInvoke: TestRun.LogMessages: Invoking callback 1/1 for Microsoft.VisualStudio.TestPlatform.CommandLine.TestRunResultAggregator., took 0 ms.
TpTrace Verbose: 0 : 34332, 4, 2023/02/13, 12:59:08.482, 123671518410, vstest.console.dll, MulticastDelegateUtilities.SafeInvoke: InternalTestLoggerEvents.SendTestRunMessage: Invoking callback 1/1 for Microsoft.VisualStudio.TestPlatform.CommandLine.Internal.ConsoleLogger., took 0 ms.
TpTrace Information: 0 : 34332, 14, 2023/02/13, 12:59:08.482, 123671518530, vstest.console.dll, TestRunRequest:SendTestRunMessage: Completed.
TpTrace Verbose: 0 : 34332, 14, 2023/02/13, 12:59:08.482, 123671519504, vstest.console.dll, MulticastDelegateUtilities.SafeInvoke: LengthPrefixCommunicationChannel: MessageReceived: Invoking callback 1/1 for Microsoft.VisualStudio.TestPlatform.CommunicationUtilities.TestRequestSender+<>c__DisplayClass31_0., took 2 ms.
TpTrace Verbose: 0 : 34332, 14, 2023/02/13, 12:59:08.482, 123671519777, vstest.console.dll, TcpClientExtensions.MessageLoopAsync: Polling on remoteEndPoint: 127.0.0.1:56170 localEndPoint: 127.0.0.1:56169
TpTrace Verbose: 0 : 34332, 14, 2023/02/13, 12:59:08.624, 123672939664, vstest.console.dll, TcpClientExtensions.MessageLoopAsync: NotifyDataAvailable remoteEndPoint: 127.0.0.1:56170 localEndPoint: 127.0.0.1:56169
TpTrace Verbose: 0 : 34332, 14, 2023/02/13, 12:59:08.624, 123672941277, vstest.console.dll, TestRequestSender.OnExecutionMessageReceived: Received message: {"Version":5,"MessageType":"TestSession.Message","Payload":{"MessageLevel":0,"Message":"[xUnit.net 00:00:00.00] xUnit.net VSTest Adapter v2.4.3+1b45f5407b (64-bit .NET 6.0.13)"}}
TpTrace Verbose: 0 : 34332, 14, 2023/02/13, 12:59:08.624, 123672943740, vstest.console.dll, TestRunRequest:SendTestRunMessage: Starting.
TpTrace Verbose: 0 : 34332, 14, 2023/02/13, 12:59:08.624, 123672944457, vstest.console.dll, MulticastDelegateUtilities.SafeInvoke: TestRun.LogMessages: Invoking callback 1/1 for Microsoft.VisualStudio.TestPlatform.CommandLine.TestRunResultAggregator., took 0 ms.
TpTrace Information: 0 : 34332, 14, 2023/02/13, 12:59:08.624, 123672944740, vstest.console.dll, TestRunRequest:SendTestRunMessage: Completed.
TpTrace Verbose: 0 : 34332, 14, 2023/02/13, 12:59:08.624, 123672944971, vstest.console.dll, MulticastDelegateUtilities.SafeInvoke: LengthPrefixCommunicationChannel: MessageReceived: Invoking callback 1/1 for Microsoft.VisualStudio.TestPlatform.CommunicationUtilities.TestRequestSender+<>c__DisplayClass31_0., took 0 ms.
TpTrace Verbose: 0 : 34332, 4, 2023/02/13, 12:59:08.624, 123672944912, vstest.console.dll, MulticastDelegateUtilities.SafeInvoke: InternalTestLoggerEvents.SendTestRunMessage: Invoking callback 1/1 for Microsoft.VisualStudio.TestPlatform.CommandLine.Internal.ConsoleLogger., took 0 ms.
TpTrace Verbose: 0 : 34332, 14, 2023/02/13, 12:59:08.624, 123672945265, vstest.console.dll, TcpClientExtensions.MessageLoopAsync: Polling on remoteEndPoint: 127.0.0.1:56170 localEndPoint: 127.0.0.1:56169
TpTrace Verbose: 0 : 34332, 14, 2023/02/13, 12:59:09.636, 123683062492, vstest.console.dll, TcpClientExtensions.MessageLoopAsync: Polling on remoteEndPoint: 127.0.0.1:56170 localEndPoint: 127.0.0.1:56169
TpTrace Verbose: 0 : 34332, 14, 2023/02/13, 12:59:10.644, 123693141170, vstest.console.dll, TcpClientExtensions.MessageLoopAsync: Polling on remoteEndPoint: 127.0.0.1:56170 localEndPoint: 127.0.0.1:56169
TpTrace Verbose: 0 : 34332, 14, 2023/02/13, 12:59:11.655, 123703247552, vstest.console.dll, TcpClientExtensions.MessageLoopAsync: Polling on remoteEndPoint: 127.0.0.1:56170 localEndPoint: 127.0.0.1:56169
TpTrace Verbose: 0 : 34332, 14, 2023/02/13, 12:59:12.669, 123713389118, vstest.console.dll, TcpClientExtensions.MessageLoopAsync: Polling on remoteEndPoint: 127.0.0.1:56170 localEndPoint: 127.0.0.1:56169
TpTrace Verbose: 0 : 34332, 14, 2023/02/13, 12:59:13.048, 123717181449, vstest.console.dll, TcpClientExtensions.MessageLoopAsync: NotifyDataAvailable remoteEndPoint: 127.0.0.1:56170 localEndPoint: 127.0.0.1:56169
TpTrace Verbose: 0 : 34332, 14, 2023/02/13, 12:59:13.048, 123717183550, vstest.console.dll, TestRequestSender.OnExecutionMessageReceived: Received message: {"Version":5,"MessageType":"TestSession.Message","Payload":{"MessageLevel":0,"Message":"[xUnit.net 00:00:04.43]   Discovering: Sat.Recruitment.Test"}}
TpTrace Verbose: 0 : 34332, 14, 2023/02/13, 12:59:13.048, 123717184996, vstest.console.dll, TestRunRequest:SendTestRunMessage: Starting.
TpTrace Verbose: 0 : 34332, 14, 2023/02/13, 12:59:13.048, 123717185688, vstest.console.dll, MulticastDelegateUtilities.SafeInvoke: TestRun.LogMessages: Invoking callback 1/1 for Microsoft.VisualStudio.TestPlatform.CommandLine.TestRunResultAggregator., took 0 ms.
TpTrace Verbose: 0 : 34332, 4, 2023/02/13, 12:59:13.048, 123717185959, vstest.console.dll, MulticastDelegateUtilities.SafeInvoke: InternalTestLoggerEvents.SendTestRunMessage: Invoking callback 1/1 for Microsoft.VisualStudio.TestPlatform.CommandLine.Internal.ConsoleLogger., took 0 ms.
TpTrace Information: 0 : 34332, 14, 2023/02/13, 12:59:13.048, 123717186091, vstest.console.dll, TestRunRequest:SendTestRunMessage: Completed.
TpTrace Verbose: 0 : 34332, 14, 2023/02/13, 12:59:13.049, 123717187447, vstest.console.dll, MulticastDelegateUtilities.SafeInvoke: LengthPrefixCommunicationChannel: MessageReceived: Invoking callback 1/1 for Microsoft.VisualStudio.TestPlatform.CommunicationUtilities.TestRequestSender+<>c__DisplayClass31_0., took 0 ms.
TpTrace Verbose: 0 : 34332, 14, 2023/02/13, 12:59:13.049, 123717187761, vstest.console.dll, TcpClientExtensions.MessageLoopAsync: Polling on remoteEndPoint: 127.0.0.1:56170 localEndPoint: 127.0.0.1:56169
TpTrace Verbose: 0 : 34332, 14, 2023/02/13, 12:59:13.075, 123717448278, vstest.console.dll, TcpClientExtensions.MessageLoopAsync: NotifyDataAvailable remoteEndPoint: 127.0.0.1:56170 localEndPoint: 127.0.0.1:56169
TpTrace Verbose: 0 : 34332, 14, 2023/02/13, 12:59:13.075, 123717450455, vstest.console.dll, TestRequestSender.OnExecutionMessageReceived: Received message: {"Version":5,"MessageType":"TestSession.Message","Payload":{"MessageLevel":0,"Message":"[xUnit.net 00:00:04.45]   Discovered:  Sat.Recruitment.Test"}}
TpTrace Verbose: 0 : 34332, 14, 2023/02/13, 12:59:13.075, 123717451936, vstest.console.dll, TestRunRequest:SendTestRunMessage: Starting.
TpTrace Verbose: 0 : 34332, 14, 2023/02/13, 12:59:13.075, 123717452823, vstest.console.dll, MulticastDelegateUtilities.SafeInvoke: TestRun.LogMessages: Invoking callback 1/1 for Microsoft.VisualStudio.TestPlatform.CommandLine.TestRunResultAggregator., took 0 ms.
TpTrace Information: 0 : 34332, 14, 2023/02/13, 12:59:13.075, 123717453225, vstest.console.dll, TestRunRequest:SendTestRunMessage: Completed.
TpTrace Verbose: 0 : 34332, 4, 2023/02/13, 12:59:13.075, 123717453345, vstest.console.dll, MulticastDelegateUtilities.SafeInvoke: InternalTestLoggerEvents.SendTestRunMessage: Invoking callback 1/1 for Microsoft.VisualStudio.TestPlatform.CommandLine.Internal.ConsoleLogger., took 0 ms.
TpTrace Verbose: 0 : 34332, 14, 2023/02/13, 12:59:13.075, 123717453504, vstest.console.dll, MulticastDelegateUtilities.SafeInvoke: LengthPrefixCommunicationChannel: MessageReceived: Invoking callback 1/1 for Microsoft.VisualStudio.TestPlatform.CommunicationUtilities.TestRequestSender+<>c__DisplayClass31_0., took 0 ms.
TpTrace Verbose: 0 : 34332, 14, 2023/02/13, 12:59:13.075, 123717454729, vstest.console.dll, TcpClientExtensions.MessageLoopAsync: Polling on remoteEndPoint: 127.0.0.1:56170 localEndPoint: 127.0.0.1:56169
TpTrace Verbose: 0 : 34332, 14, 2023/02/13, 12:59:13.076, 123717465326, vstest.console.dll, TcpClientExtensions.MessageLoopAsync: NotifyDataAvailable remoteEndPoint: 127.0.0.1:56170 localEndPoint: 127.0.0.1:56169
TpTrace Verbose: 0 : 34332, 14, 2023/02/13, 12:59:13.076, 123717466060, vstest.console.dll, TestRequestSender.OnExecutionMessageReceived: Received message: {"Version":5,"MessageType":"TestSession.Message","Payload":{"MessageLevel":0,"Message":"[xUnit.net 00:00:04.45]   Starting:    Sat.Recruitment.Test"}}
TpTrace Verbose: 0 : 34332, 14, 2023/02/13, 12:59:13.076, 123717466879, vstest.console.dll, TestRunRequest:SendTestRunMessage: Starting.
TpTrace Verbose: 0 : 34332, 14, 2023/02/13, 12:59:13.077, 123717467435, vstest.console.dll, MulticastDelegateUtilities.SafeInvoke: TestRun.LogMessages: Invoking callback 1/1 for Microsoft.VisualStudio.TestPlatform.CommandLine.TestRunResultAggregator., took 0 ms.
TpTrace Information: 0 : 34332, 14, 2023/02/13, 12:59:13.077, 123717467845, vstest.console.dll, TestRunRequest:SendTestRunMessage: Completed.
TpTrace Verbose: 0 : 34332, 4, 2023/02/13, 12:59:13.077, 123717467581, vstest.console.dll, MulticastDelegateUtilities.SafeInvoke: InternalTestLoggerEvents.SendTestRunMessage: Invoking callback 1/1 for Microsoft.VisualStudio.TestPlatform.CommandLine.Internal.ConsoleLogger., took 0 ms.
TpTrace Verbose: 0 : 34332, 14, 2023/02/13, 12:59:13.077, 123717468142, vstest.console.dll, MulticastDelegateUtilities.SafeInvoke: LengthPrefixCommunicationChannel: MessageReceived: Invoking callback 1/1 for Microsoft.VisualStudio.TestPlatform.CommunicationUtilities.TestRequestSender+<>c__DisplayClass31_0., took 0 ms.
TpTrace Verbose: 0 : 34332, 14, 2023/02/13, 12:59:13.077, 123717469114, vstest.console.dll, TcpClientExtensions.MessageLoopAsync: Polling on remoteEndPoint: 127.0.0.1:56170 localEndPoint: 127.0.0.1:56169
TpTrace Verbose: 0 : 34332, 14, 2023/02/13, 12:59:13.132, 123718023436, vstest.console.dll, TcpClientExtensions.MessageLoopAsync: NotifyDataAvailable remoteEndPoint: 127.0.0.1:56170 localEndPoint: 127.0.0.1:56169
TpTrace Verbose: 0 : 34332, 14, 2023/02/13, 12:59:13.132, 123718025359, vstest.console.dll, TestRequestSender.OnExecutionMessageReceived: Received message: {"Version":5,"MessageType":"TestExecution.StatsChange","Payload":{"NewTestResults":[],"TestRunStatistics":{"ExecutedTests":0,"Stats":{}},"ActiveTests":[{"Id":"46551911-6bd7-1f87-04ce-beb4d1433adb","FullyQualifiedName":"Sat.Recruitment.Test.UserTypeTest.Add_OK","DisplayName":"Sat.Recruitment.Test.UserTypeTest.Add_OK","ExecutorUri":"executor://xunit/VsTestRunner2/netcoreapp","Source":"C:\\Users\\manue\\OneDrive\\Escritorio\\PARAMONT\\NEW\\Sat.Recruitment.Test\\bin\\Debug\\net6.0\\fine-code-coverage\\build-output\\Sat.Recruitment.Test.dll","CodeFilePath":null,"LineNumber":0,"Properties":[]}]}}
TpTrace Verbose: 0 : 34332, 14, 2023/02/13, 12:59:13.143, 123718128743, vstest.console.dll, TestRunRequest:SendTestRunStatsChange: Starting.
TpTrace Verbose: 0 : 34332, 14, 2023/02/13, 12:59:13.143, 123718130453, vstest.console.dll, InProgress is Sat.Recruitment.Test.UserTypeTest.Add_OK
TpTrace Verbose: 0 : 34332, 14, 2023/02/13, 12:59:13.143, 123718131321, vstest.console.dll, MulticastDelegateUtilities.SafeInvoke: TestRun.RunStatsChanged: Invoking callbacks was skipped because there are no subscribers.
TpTrace Information: 0 : 34332, 14, 2023/02/13, 12:59:13.143, 123718131619, vstest.console.dll, TestRunRequest:SendTestRunStatsChange: Completed.
TpTrace Verbose: 0 : 34332, 14, 2023/02/13, 12:59:13.143, 123718131849, vstest.console.dll, MulticastDelegateUtilities.SafeInvoke: LengthPrefixCommunicationChannel: MessageReceived: Invoking callback 1/1 for Microsoft.VisualStudio.TestPlatform.CommunicationUtilities.TestRequestSender+<>c__DisplayClass31_0., took 10 ms.
TpTrace Verbose: 0 : 34332, 14, 2023/02/13, 12:59:13.143, 123718132150, vstest.console.dll, TcpClientExtensions.MessageLoopAsync: Polling on remoteEndPoint: 127.0.0.1:56170 localEndPoint: 127.0.0.1:56169
TpTrace Verbose: 0 : 34332, 14, 2023/02/13, 12:59:13.240, 123719106409, vstest.console.dll, TcpClientExtensions.MessageLoopAsync: NotifyDataAvailable remoteEndPoint: 127.0.0.1:56170 localEndPoint: 127.0.0.1:56169
TpTrace Verbose: 0 : 34332, 14, 2023/02/13, 12:59:13.241, 123719109392, vstest.console.dll, TestRequestSender.OnExecutionMessageReceived: Received message: {"Version":5,"MessageType":"TestExecution.StatsChange","Payload":{"NewTestResults":[{"TestCase":{"Id":"46551911-6bd7-1f87-04ce-beb4d1433adb","FullyQualifiedName":"Sat.Recruitment.Test.UserTypeTest.Add_OK","DisplayName":"Sat.Recruitment.Test.UserTypeTest.Add_OK","ExecutorUri":"executor://xunit/VsTestRunner2/netcoreapp","Source":"C:\\Users\\manue\\OneDrive\\Escritorio\\PARAMONT\\NEW\\Sat.Recruitment.Test\\bin\\Debug\\net6.0\\fine-code-coverage\\build-output\\Sat.Recruitment.Test.dll","CodeFilePath":null,"LineNumber":0,"Properties":[]},"Attachments":[],"Outcome":1,"ErrorMessage":null,"ErrorStackTrace":null,"DisplayName":"Sat.Recruitment.Test.UserTypeTest.Add_OK","Messages":[],"ComputerName":"OKAMURAGAMING","Duration":"00:00:00.0811698","StartTime":"2023-02-13T19:59:13.2102844+00:00","EndTime":"2023-02-13T19:59:13.2103004+00:00","Properties":[]},{"TestCase":{"Id":"41c4f857-b3eb-58f1-9e33-7f2b92176825","FullyQualifiedName":"Sat.Recruitment.Test.UserTest.Add_InvalidAddress","DisplayName":"Sat.Recruitment.Test.UserTest.Add_InvalidAddress","ExecutorUri":"executor://xunit/VsTestRunner2/netcoreapp","Source":"C:\\Users\\manue\\OneDrive\\Escritorio\\PARAMONT\\NEW\\Sat.Recruitment.Test\\bin\\Debug\\net6.0\\fine-code-coverage\\build-output\\Sat.Recruitment.Test.dll","CodeFilePath":null,"LineNumber":0,"Properties":[]},"Attachments":[],"Outcome":1,"ErrorMessage":null,"ErrorStackTrace":null,"DisplayName":"Sat.Recruitment.Test.UserTest.Add_InvalidAddress","Messages":[],"ComputerName":"OKAMURAGAMING","Duration":"00:00:00.0811934","StartTime":"2023-02-13T19:59:13.2241181+00:00","EndTime":"2023-02-13T19:59:13.2241181+00:00","Properties":[]},{"TestCase":{"Id":"9e60569c-4385-ce09-7c36-a14b36c9bef4","FullyQualifiedName":"Sat.Recruitment.Test.AddressTest.Delete_AddressIdInUse","DisplayName":"Sat.Recruitment.Test.AddressTest.Delete_AddressIdInUse","ExecutorUri":"executor://xunit/VsTestRunner2/netcoreapp","Source":"C:\\Users\\manue\\OneDrive\\Escritorio\\PARAMONT\\NEW\\Sat.Recruitment.Test\\bin\\Debug\\net6.0\\fine-code-coverage\\build-output\\Sat.Recruitment.Test.dll","CodeFilePath":null,"LineNumber":0,"Properties":[]},"Attachments":[],"Outcome":1,"ErrorMessage":null,"ErrorStackTrace":null,"DisplayName":"Sat.Recruitment.Test.AddressTest.Delete_AddressIdInUse","Messages":[],"ComputerName":"OKAMURAGAMING","Duration":"00:00:00.0811840","StartTime":"2023-02-13T19:59:13.2255533+00:00","EndTime":"2023-02-13T19:59:13.2255533+00:00","Properties":[]},{"TestCase":{"Id":"63802e69-11a5-dc69-ff01-4486b1e93e4d","FullyQualifiedName":"Sat.Recruitment.Test.AddressTest.Update_InvalidAddressID","DisplayName":"Sat.Recruitment.Test.AddressTest.Update_InvalidAddressID","ExecutorUri":"executor://xunit/VsTestRunner2/netcoreapp","Source":"C:\\Users\\manue\\OneDrive\\Escritorio\\PARAMONT\\NEW\\Sat.Recruitment.Test\\bin\\Debug\\net6.0\\fine-code-coverage\\build-output\\Sat.Recruitment.Test.dll","CodeFilePath":null,"LineNumber":0,"Properties":[]},"Attachments":[],"Outcome":1,"ErrorMessage":null,"ErrorStackTrace":null,"DisplayName":"Sat.Recruitment.Test.AddressTest.Update_InvalidAddressID","Messages":[],"ComputerName":"OKAMURAGAMING","Duration":"00:00:00.0020491","StartTime":"2023-02-13T19:59:13.2290877+00:00","EndTime":"2023-02-13T19:59:13.2290878+00:00","Properties":[]},{"TestCase":{"Id":"2770c937-3563-2630-8424-464d2f7812c4","FullyQualifiedName":"Sat.Recruitment.Test.UserTest.Delete_InValidUser","DisplayName":"Sat.Recruitment.Test.UserTest.Delete_InValidUser","ExecutorUri":"executor://xunit/VsTestRunner2/netcoreapp","Source":"C:\\Users\\manue\\OneDrive\\Escritorio\\PARAMONT\\NEW\\Sat.Recruitment.Test\\bin\\Debug\\net6.0\\fine-code-coverage\\build-output\\Sat.Recruitment.Test.dll","CodeFilePath":null,"LineNumber":0,"Properties":[]},"Attachments":[],"Outcome":1,"ErrorMessage":null,"ErrorStackTrace":null,"DisplayName":"Sat.Recruitment.Test.UserTest.Delete_InValidUser","Messages":[],"ComputerName":"OKAMURAGAMING","Duration":"00:00:00.0027520","StartTime":"2023-02-13T19:59:13.2303312+00:00","EndTime":"2023-02-13T19:59:13.2303313+00:00","Properties":[]},{"TestCase":{"Id":"24d28daa-7a45-0d4b-313f-2e068470eb9a","FullyQualifiedName":"Sat.Recruitment.Test.UserTypeTest.Update_InvalidId","DisplayName":"Sat.Recruitment.Test.UserTypeTest.Update_InvalidId","ExecutorUri":"executor://xunit/VsTestRunner2/netcoreapp","Source":"C:\\Users\\manue\\OneDrive\\Escritorio\\PARAMONT\\NEW\\Sat.Recruitment.Test\\bin\\Debug\\net6.0\\fine-code-coverage\\build-output\\Sat.Recruitment.Test.dll","CodeFilePath":null,"LineNumber":0,"Properties":[]},"Attachments":[],"Outcome":1,"ErrorMessage":null,"ErrorStackTrace":null,"DisplayName":"Sat.Recruitment.Test.UserTypeTest.Update_InvalidId","Messages":[],"ComputerName":"OKAMURAGAMING","Duration":"00:00:00.0034931","StartTime":"2023-02-13T19:59:13.2318479+00:00","EndTime":"2023-02-13T19:59:13.231848+00:00","Properties":[]},{"TestCase":{"Id":"a2829be4-500e-3580-22c9-090a9751cda1","FullyQualifiedName":"Sat.Recruitment.Test.UserTest.Add_ExistUser","DisplayName":"Sat.Recruitment.Test.UserTest.Add_ExistUser","ExecutorUri":"executor://xunit/VsTestRunner2/netcoreapp","Source":"C:\\Users\\manue\\OneDrive\\Escritorio\\PARAMONT\\NEW\\Sat.Recruitment.Test\\bin\\Debug\\net6.0\\fine-code-coverage\\build-output\\Sat.Recruitment.Test.dll","CodeFilePath":null,"LineNumber":0,"Properties":[]},"Attachments":[],"Outcome":1,"ErrorMessage":null,"ErrorStackTrace":null,"DisplayName":"Sat.Recruitment.Test.UserTest.Add_ExistUser","Messages":[],"ComputerName":"OKAMURAGAMING","Duration":"00:00:00.0015627","StartTime":"2023-02-13T19:59:13.2332542+00:00","EndTime":"2023-02-13T19:59:13.2332543+00:00","Properties":[]}],"TestRunStatistics":{"ExecutedTests":7,"Stats":{"Passed":7}},"ActiveTests":[{"Id":"34b5ba51-cadf-c858-b7b2-50577cf22f9a","FullyQualifiedName":"Sat.Recruitment.Test.AddressTest.Add_OK","DisplayName":"Sat.Recruitment.Test.AddressTest.Add_OK","ExecutorUri":"executor://xunit/VsTestRunner2/netcoreapp","Source":"C:\\Users\\manue\\OneDrive\\Escritorio\\PARAMONT\\NEW\\Sat.Recruitment.Test\\bin\\Debug\\net6.0\\fine-code-coverage\\build-output\\Sat.Recruitment.Test.dll","CodeFilePath":null,"LineNumber":0,"Properties":[]},{"Id":"c1266622-36a6-e913-57cc-2caaa9922dec","FullyQualifiedName":"Sat.Recruitment.Test.UserTypeTest.getById_OK","DisplayName":"Sat.Recruitment.Test.UserTypeTest.getById_OK","ExecutorUri":"executor://xunit/VsTestRunner2/netcoreapp","Source":"C:\\Users\\manue\\OneDrive\\Escritorio\\PARAMONT\\NEW\\Sat.Recruitment.Test\\bin\\Debug\\net6.0\\fine-code-coverage\\build-output\\Sat.Recruitment.Test.dll","CodeFilePath":null,"LineNumber":0,"Properties":[]},{"Id":"39fe17e0-52ae-f0ee-8aa5-e858cf82c723","FullyQualifiedName":"Sat.Recruitment.Test.UserTest.getAll_OK","DisplayName":"Sat.Recruitment.Test.UserTest.getAll_OK","ExecutorUri":"executor://xunit/VsTestRunner2/netcoreapp","Source":"C:\\Users\\manue\\OneDrive\\Escritorio\\PARAMONT\\NEW\\Sat.Recruitment.Test\\bin\\Debug\\net6.0\\fine-code-coverage\\build-output\\Sat.Recruitment.Test.dll","CodeFilePath":null,"LineNumber":0,"Properties":[]}]}}
TpTrace Verbose: 0 : 34332, 14, 2023/02/13, 12:59:13.248, 123719181453, vstest.console.dll, TestRunRequest:SendTestRunStatsChange: Starting.
TpTrace Verbose: 0 : 34332, 14, 2023/02/13, 12:59:13.248, 123719182288, vstest.console.dll, InProgress is Sat.Recruitment.Test.AddressTest.Add_OK
TpTrace Verbose: 0 : 34332, 14, 2023/02/13, 12:59:13.248, 123719182584, vstest.console.dll, InProgress is Sat.Recruitment.Test.UserTypeTest.getById_OK
TpTrace Verbose: 0 : 34332, 14, 2023/02/13, 12:59:13.248, 123719182775, vstest.console.dll, InProgress is Sat.Recruitment.Test.UserTest.getAll_OK
TpTrace Verbose: 0 : 34332, 14, 2023/02/13, 12:59:13.248, 123719184680, vstest.console.dll, MulticastDelegateUtilities.SafeInvoke: TestRun.RunStatsChanged: Invoking callbacks was skipped because there are no subscribers.
TpTrace Information: 0 : 34332, 14, 2023/02/13, 12:59:13.248, 123719185126, vstest.console.dll, TestRunRequest:SendTestRunStatsChange: Completed.
TpTrace Verbose: 0 : 34332, 14, 2023/02/13, 12:59:13.248, 123719185366, vstest.console.dll, MulticastDelegateUtilities.SafeInvoke: LengthPrefixCommunicationChannel: MessageReceived: Invoking callback 1/1 for Microsoft.VisualStudio.TestPlatform.CommunicationUtilities.TestRequestSender+<>c__DisplayClass31_0., took 7 ms.
TpTrace Verbose: 0 : 34332, 14, 2023/02/13, 12:59:13.248, 123719185612, vstest.console.dll, TcpClientExtensions.MessageLoopAsync: Polling on remoteEndPoint: 127.0.0.1:56170 localEndPoint: 127.0.0.1:56169
TpTrace Verbose: 0 : 34332, 4, 2023/02/13, 12:59:13.251, 123719210488, vstest.console.dll, MulticastDelegateUtilities.SafeInvoke: InternalTestLoggerEvents.SendTestResult: Invoking callback 1/1 for Microsoft.VisualStudio.TestPlatform.CommandLine.Internal.ConsoleLogger., took 2 ms.
TpTrace Verbose: 0 : 34332, 4, 2023/02/13, 12:59:13.251, 123719212640, vstest.console.dll, MulticastDelegateUtilities.SafeInvoke: InternalTestLoggerEvents.SendTestResult: Invoking callback 1/1 for Microsoft.VisualStudio.TestPlatform.CommandLine.Internal.ConsoleLogger., took 0 ms.
TpTrace Verbose: 0 : 34332, 4, 2023/02/13, 12:59:13.251, 123719213193, vstest.console.dll, MulticastDelegateUtilities.SafeInvoke: InternalTestLoggerEvents.SendTestResult: Invoking callback 1/1 for Microsoft.VisualStudio.TestPlatform.CommandLine.Internal.ConsoleLogger., took 0 ms.
TpTrace Verbose: 0 : 34332, 4, 2023/02/13, 12:59:13.251, 123719213585, vstest.console.dll, MulticastDelegateUtilities.SafeInvoke: InternalTestLoggerEvents.SendTestResult: Invoking callback 1/1 for Microsoft.VisualStudio.TestPlatform.CommandLine.Internal.ConsoleLogger., took 0 ms.
TpTrace Verbose: 0 : 34332, 4, 2023/02/13, 12:59:13.251, 123719213884, vstest.console.dll, MulticastDelegateUtilities.SafeInvoke: InternalTestLoggerEvents.SendTestResult: Invoking callback 1/1 for Microsoft.VisualStudio.TestPlatform.CommandLine.Internal.ConsoleLogger., took 0 ms.
TpTrace Verbose: 0 : 34332, 4, 2023/02/13, 12:59:13.251, 123719214161, vstest.console.dll, MulticastDelegateUtilities.SafeInvoke: InternalTestLoggerEvents.SendTestResult: Invoking callback 1/1 for Microsoft.VisualStudio.TestPlatform.CommandLine.Internal.ConsoleLogger., took 0 ms.
TpTrace Verbose: 0 : 34332, 4, 2023/02/13, 12:59:13.252, 123719220086, vstest.console.dll, MulticastDelegateUtilities.SafeInvoke: InternalTestLoggerEvents.SendTestResult: Invoking callback 1/1 for Microsoft.VisualStudio.TestPlatform.CommandLine.Internal.ConsoleLogger., took 0 ms.
TpTrace Verbose: 0 : 34332, 14, 2023/02/13, 12:59:13.253, 123719228141, vstest.console.dll, TcpClientExtensions.MessageLoopAsync: NotifyDataAvailable remoteEndPoint: 127.0.0.1:56170 localEndPoint: 127.0.0.1:56169
TpTrace Verbose: 0 : 34332, 14, 2023/02/13, 12:59:13.253, 123719230004, vstest.console.dll, TestRequestSender.OnExecutionMessageReceived: Received message: {"Version":5,"MessageType":"TestExecution.StatsChange","Payload":{"NewTestResults":[{"TestCase":{"Id":"34b5ba51-cadf-c858-b7b2-50577cf22f9a","FullyQualifiedName":"Sat.Recruitment.Test.AddressTest.Add_OK","DisplayName":"Sat.Recruitment.Test.AddressTest.Add_OK","ExecutorUri":"executor://xunit/VsTestRunner2/netcoreapp","Source":"C:\\Users\\manue\\OneDrive\\Escritorio\\PARAMONT\\NEW\\Sat.Recruitment.Test\\bin\\Debug\\net6.0\\fine-code-coverage\\build-output\\Sat.Recruitment.Test.dll","CodeFilePath":null,"LineNumber":0,"Properties":[]},"Attachments":[],"Outcome":1,"ErrorMessage":null,"ErrorStackTrace":null,"DisplayName":"Sat.Recruitment.Test.AddressTest.Add_OK","Messages":[],"ComputerName":"OKAMURAGAMING","Duration":"00:00:00.0027035","StartTime":"2023-02-13T19:59:13.2418233+00:00","EndTime":"2023-02-13T19:59:13.2418234+00:00","Properties":[]},{"TestCase":{"Id":"c1e4728f-593f-cf94-617e-3ffa5762ed5e","FullyQualifiedName":"Sat.Recruitment.Test.AddressTest.Delete_OK","DisplayName":"Sat.Recruitment.Test.AddressTest.Delete_OK","ExecutorUri":"executor://xunit/VsTestRunner2/netcoreapp","Source":"C:\\Users\\manue\\OneDrive\\Escritorio\\PARAMONT\\NEW\\Sat.Recruitment.Test\\bin\\Debug\\net6.0\\fine-code-coverage\\build-output\\Sat.Recruitment.Test.dll","CodeFilePath":null,"LineNumber":0,"Properties":[]},"Attachments":[],"Outcome":1,"ErrorMessage":null,"ErrorStackTrace":null,"DisplayName":"Sat.Recruitment.Test.AddressTest.Delete_OK","Messages":[],"ComputerName":"OKAMURAGAMING","Duration":"00:00:00.0054863","StartTime":"2023-02-13T19:59:13.2435549+00:00","EndTime":"2023-02-13T19:59:13.243555+00:00","Properties":[]},{"TestCase":{"Id":"caf74058-60a8-a0eb-dd74-9b63048c97ed","FullyQualifiedName":"Sat.Recruitment.Test.AddressTest.Delete_InvalidAddressID","DisplayName":"Sat.Recruitment.Test.AddressTest.Delete_InvalidAddressID","ExecutorUri":"executor://xunit/VsTestRunner2/netcoreapp","Source":"C:\\Users\\manue\\OneDrive\\Escritorio\\PARAMONT\\NEW\\Sat.Recruitment.Test\\bin\\Debug\\net6.0\\fine-code-coverage\\build-output\\Sat.Recruitment.Test.dll","CodeFilePath":null,"LineNumber":0,"Properties":[]},"Attachments":[],"Outcome":1,"ErrorMessage":null,"ErrorStackTrace":null,"DisplayName":"Sat.Recruitment.Test.AddressTest.Delete_InvalidAddressID","Messages":[],"ComputerName":"OKAMURAGAMING","Duration":"00:00:00.0013051","StartTime":"2023-02-13T19:59:13.2449352+00:00","EndTime":"2023-02-13T19:59:13.2449353+00:00","Properties":[]},{"TestCase":{"Id":"f8dc3e13-7cc8-0329-3ca9-c12714a34fef","FullyQualifiedName":"Sat.Recruitment.Test.AddressTest.Update_OK","DisplayName":"Sat.Recruitment.Test.AddressTest.Update_OK","ExecutorUri":"executor://xunit/VsTestRunner2/netcoreapp","Source":"C:\\Users\\manue\\OneDrive\\Escritorio\\PARAMONT\\NEW\\Sat.Recruitment.Test\\bin\\Debug\\net6.0\\fine-code-coverage\\build-output\\Sat.Recruitment.Test.dll","CodeFilePath":null,"LineNumber":0,"Properties":[]},"Attachments":[],"Outcome":1,"ErrorMessage":null,"ErrorStackTrace":null,"DisplayName":"Sat.Recruitment.Test.AddressTest.Update_OK","Messages":[],"ComputerName":"OKAMURAGAMING","Duration":"00:00:00.0016382","StartTime":"2023-02-13T19:59:13.2464391+00:00","EndTime":"2023-02-13T19:59:13.2464392+00:00","Properties":[]},{"TestCase":{"Id":"39fe17e0-52ae-f0ee-8aa5-e858cf82c723","FullyQualifiedName":"Sat.Recruitment.Test.UserTest.getAll_OK","DisplayName":"Sat.Recruitment.Test.UserTest.getAll_OK","ExecutorUri":"executor://xunit/VsTestRunner2/netcoreapp","Source":"C:\\Users\\manue\\OneDrive\\Escritorio\\PARAMONT\\NEW\\Sat.Recruitment.Test\\bin\\Debug\\net6.0\\fine-code-coverage\\build-output\\Sat.Recruitment.Test.dll","CodeFilePath":null,"LineNumber":0,"Properties":[]},"Attachments":[],"Outcome":1,"ErrorMessage":null,"ErrorStackTrace":null,"DisplayName":"Sat.Recruitment.Test.UserTest.getAll_OK","Messages":[],"ComputerName":"OKAMURAGAMING","Duration":"00:00:00.0111286","StartTime":"2023-02-13T19:59:13.247346+00:00","EndTime":"2023-02-13T19:59:13.2473461+00:00","Properties":[]},{"TestCase":{"Id":"f0720272-4c26-b73d-003a-e9ddec010b30","FullyQualifiedName":"Sat.Recruitment.Test.UserTest.Update_UserNoExist","DisplayName":"Sat.Recruitment.Test.UserTest.Update_UserNoExist","ExecutorUri":"executor://xunit/VsTestRunner2/netcoreapp","Source":"C:\\Users\\manue\\OneDrive\\Escritorio\\PARAMONT\\NEW\\Sat.Recruitment.Test\\bin\\Debug\\net6.0\\fine-code-coverage\\build-output\\Sat.Recruitment.Test.dll","CodeFilePath":null,"LineNumber":0,"Properties":[]},"Attachments":[],"Outcome":1,"ErrorMessage":null,"ErrorStackTrace":null,"DisplayName":"Sat.Recruitment.Test.UserTest.Update_UserNoExist","Messages":[],"ComputerName":"OKAMURAGAMING","Duration":"00:00:00.0020593","StartTime":"2023-02-13T19:59:13.2490309+00:00","EndTime":"2023-02-13T19:59:13.249031+00:00","Properties":[]},{"TestCase":{"Id":"c1266622-36a6-e913-57cc-2caaa9922dec","FullyQualifiedName":"Sat.Recruitment.Test.UserTypeTest.getById_OK","DisplayName":"Sat.Recruitment.Test.UserTypeTest.getById_OK","ExecutorUri":"executor://xunit/VsTestRunner2/netcoreapp","Source":"C:\\Users\\manue\\OneDrive\\Escritorio\\PARAMONT\\NEW\\Sat.Recruitment.Test\\bin\\Debug\\net6.0\\fine-code-coverage\\build-output\\Sat.Recruitment.Test.dll","CodeFilePath":null,"LineNumber":0,"Properties":[]},"Attachments":[],"Outcome":1,"ErrorMessage":null,"ErrorStackTrace":null,"DisplayName":"Sat.Recruitment.Test.UserTypeTest.getById_OK","Messages":[],"ComputerName":"OKAMURAGAMING","Duration":"00:00:00.0145241","StartTime":"2023-02-13T19:59:13.2504663+00:00","EndTime":"2023-02-13T19:59:13.2504664+00:00","Properties":[]},{"TestCase":{"Id":"be1a946a-d9d3-b589-6341-baafac6895fa","FullyQualifiedName":"Sat.Recruitment.Test.UserTest.Update_InvalidUser","DisplayName":"Sat.Recruitment.Test.UserTest.Update_InvalidUser","ExecutorUri":"executor://xunit/VsTestRunner2/netcoreapp","Source":"C:\\Users\\manue\\OneDrive\\Escritorio\\PARAMONT\\NEW\\Sat.Recruitment.Test\\bin\\Debug\\net6.0\\fine-code-coverage\\build-output\\Sat.Recruitment.Test.dll","CodeFilePath":null,"LineNumber":0,"Properties":[]},"Attachments":[],"Outcome":1,"ErrorMessage":null,"ErrorStackTrace":null,"DisplayName":"Sat.Recruitment.Test.UserTest.Update_InvalidUser","Messages":[],"ComputerName":"OKAMURAGAMING","Duration":"00:00:00.0012054","StartTime":"2023-02-13T19:59:13.2519155+00:00","EndTime":"2023-02-13T19:59:13.2519156+00:00","Properties":[]}],"TestRunStatistics":{"ExecutedTests":15,"Stats":{"Passed":15}},"ActiveTests":[{"Id":"64d3118d-b5f9-e14d-0fd2-0b79e6cac358","FullyQualifiedName":"Sat.Recruitment.Test.UserTypeTest.Update_Ok","DisplayName":"Sat.Recruitment.Test.UserTypeTest.Update_Ok","ExecutorUri":"executor://xunit/VsTestRunner2/netcoreapp","Source":"C:\\Users\\manue\\OneDrive\\Escritorio\\PARAMONT\\NEW\\Sat.Recruitment.Test\\bin\\Debug\\net6.0\\fine-code-coverage\\build-output\\Sat.Recruitment.Test.dll","CodeFilePath":null,"LineNumber":0,"Properties":[]},{"Id":"22f3fa3a-38f3-0cd0-e871-a12808941358","FullyQualifiedName":"Sat.Recruitment.Test.UserTest.Delete_OK","DisplayName":"Sat.Recruitment.Test.UserTest.Delete_OK","ExecutorUri":"executor://xunit/VsTestRunner2/netcoreapp","Source":"C:\\Users\\manue\\OneDrive\\Escritorio\\PARAMONT\\NEW\\Sat.Recruitment.Test\\bin\\Debug\\net6.0\\fine-code-coverage\\build-output\\Sat.Recruitment.Test.dll","CodeFilePath":null,"LineNumber":0,"Properties":[]}]}}
TpTrace Verbose: 0 : 34332, 14, 2023/02/13, 12:59:13.254, 123719237582, vstest.console.dll, TestRunRequest:SendTestRunStatsChange: Starting.
TpTrace Verbose: 0 : 34332, 14, 2023/02/13, 12:59:13.254, 123719238150, vstest.console.dll, InProgress is Sat.Recruitment.Test.UserTypeTest.Update_Ok
TpTrace Verbose: 0 : 34332, 14, 2023/02/13, 12:59:13.254, 123719238402, vstest.console.dll, InProgress is Sat.Recruitment.Test.UserTest.Delete_OK
TpTrace Verbose: 0 : 34332, 14, 2023/02/13, 12:59:13.254, 123719238822, vstest.console.dll, MulticastDelegateUtilities.SafeInvoke: TestRun.RunStatsChanged: Invoking callbacks was skipped because there are no subscribers.
TpTrace Information: 0 : 34332, 14, 2023/02/13, 12:59:13.254, 123719239075, vstest.console.dll, TestRunRequest:SendTestRunStatsChange: Completed.
TpTrace Verbose: 0 : 34332, 4, 2023/02/13, 12:59:13.254, 123719239173, vstest.console.dll, MulticastDelegateUtilities.SafeInvoke: InternalTestLoggerEvents.SendTestResult: Invoking callback 1/1 for Microsoft.VisualStudio.TestPlatform.CommandLine.Internal.ConsoleLogger., took 0 ms.
TpTrace Verbose: 0 : 34332, 4, 2023/02/13, 12:59:13.254, 123719239871, vstest.console.dll, MulticastDelegateUtilities.SafeInvoke: InternalTestLoggerEvents.SendTestResult: Invoking callback 1/1 for Microsoft.VisualStudio.TestPlatform.CommandLine.Internal.ConsoleLogger., took 0 ms.
TpTrace Verbose: 0 : 34332, 14, 2023/02/13, 12:59:13.254, 123719239874, vstest.console.dll, MulticastDelegateUtilities.SafeInvoke: LengthPrefixCommunicationChannel: MessageReceived: Invoking callback 1/1 for Microsoft.VisualStudio.TestPlatform.CommunicationUtilities.TestRequestSender+<>c__DisplayClass31_0., took 1 ms.
TpTrace Verbose: 0 : 34332, 4, 2023/02/13, 12:59:13.254, 123719240214, vstest.console.dll, MulticastDelegateUtilities.SafeInvoke: InternalTestLoggerEvents.SendTestResult: Invoking callback 1/1 for Microsoft.VisualStudio.TestPlatform.CommandLine.Internal.ConsoleLogger., took 0 ms.
TpTrace Verbose: 0 : 34332, 14, 2023/02/13, 12:59:13.254, 123719240530, vstest.console.dll, TcpClientExtensions.MessageLoopAsync: Polling on remoteEndPoint: 127.0.0.1:56170 localEndPoint: 127.0.0.1:56169
TpTrace Verbose: 0 : 34332, 4, 2023/02/13, 12:59:13.254, 123719241076, vstest.console.dll, MulticastDelegateUtilities.SafeInvoke: InternalTestLoggerEvents.SendTestResult: Invoking callback 1/1 for Microsoft.VisualStudio.TestPlatform.CommandLine.Internal.ConsoleLogger., took 0 ms.
TpTrace Verbose: 0 : 34332, 4, 2023/02/13, 12:59:13.254, 123719241908, vstest.console.dll, MulticastDelegateUtilities.SafeInvoke: InternalTestLoggerEvents.SendTestResult: Invoking callback 1/1 for Microsoft.VisualStudio.TestPlatform.CommandLine.Internal.ConsoleLogger., took 0 ms.
TpTrace Verbose: 0 : 34332, 4, 2023/02/13, 12:59:13.254, 123719242311, vstest.console.dll, MulticastDelegateUtilities.SafeInvoke: InternalTestLoggerEvents.SendTestResult: Invoking callback 1/1 for Microsoft.VisualStudio.TestPlatform.CommandLine.Internal.ConsoleLogger., took 0 ms.
TpTrace Verbose: 0 : 34332, 4, 2023/02/13, 12:59:13.254, 123719242631, vstest.console.dll, MulticastDelegateUtilities.SafeInvoke: InternalTestLoggerEvents.SendTestResult: Invoking callback 1/1 for Microsoft.VisualStudio.TestPlatform.CommandLine.Internal.ConsoleLogger., took 0 ms.
TpTrace Verbose: 0 : 34332, 4, 2023/02/13, 12:59:13.254, 123719243044, vstest.console.dll, MulticastDelegateUtilities.SafeInvoke: InternalTestLoggerEvents.SendTestResult: Invoking callback 1/1 for Microsoft.VisualStudio.TestPlatform.CommandLine.Internal.ConsoleLogger., took 0 ms.
TpTrace Verbose: 0 : 34332, 14, 2023/02/13, 12:59:13.264, 123719338871, vstest.console.dll, TcpClientExtensions.MessageLoopAsync: NotifyDataAvailable remoteEndPoint: 127.0.0.1:56170 localEndPoint: 127.0.0.1:56169
TpTrace Verbose: 0 : 34332, 14, 2023/02/13, 12:59:13.264, 123719340798, vstest.console.dll, TestRequestSender.OnExecutionMessageReceived: Received message: {"Version":5,"MessageType":"TestExecution.StatsChange","Payload":{"NewTestResults":[{"TestCase":{"Id":"64d3118d-b5f9-e14d-0fd2-0b79e6cac358","FullyQualifiedName":"Sat.Recruitment.Test.UserTypeTest.Update_Ok","DisplayName":"Sat.Recruitment.Test.UserTypeTest.Update_Ok","ExecutorUri":"executor://xunit/VsTestRunner2/netcoreapp","Source":"C:\\Users\\manue\\OneDrive\\Escritorio\\PARAMONT\\NEW\\Sat.Recruitment.Test\\bin\\Debug\\net6.0\\fine-code-coverage\\build-output\\Sat.Recruitment.Test.dll","CodeFilePath":null,"LineNumber":0,"Properties":[]},"Attachments":[],"Outcome":1,"ErrorMessage":null,"ErrorStackTrace":null,"DisplayName":"Sat.Recruitment.Test.UserTypeTest.Update_Ok","Messages":[],"ComputerName":"OKAMURAGAMING","Duration":"00:00:00.0017802","StartTime":"2023-02-13T19:59:13.2537151+00:00","EndTime":"2023-02-13T19:59:13.2537152+00:00","Properties":[]},{"TestCase":{"Id":"22f3fa3a-38f3-0cd0-e871-a12808941358","FullyQualifiedName":"Sat.Recruitment.Test.UserTest.Delete_OK","DisplayName":"Sat.Recruitment.Test.UserTest.Delete_OK","ExecutorUri":"executor://xunit/VsTestRunner2/netcoreapp","Source":"C:\\Users\\manue\\OneDrive\\Escritorio\\PARAMONT\\NEW\\Sat.Recruitment.Test\\bin\\Debug\\net6.0\\fine-code-coverage\\build-output\\Sat.Recruitment.Test.dll","CodeFilePath":null,"LineNumber":0,"Properties":[]},"Attachments":[],"Outcome":1,"ErrorMessage":null,"ErrorStackTrace":null,"DisplayName":"Sat.Recruitment.Test.UserTest.Delete_OK","Messages":[],"ComputerName":"OKAMURAGAMING","Duration":"00:00:00.0019104","StartTime":"2023-02-13T19:59:13.2552372+00:00","EndTime":"2023-02-13T19:59:13.2552372+00:00","Properties":[]},{"TestCase":{"Id":"6c9792e1-da94-b7f4-4e54-2303680f5910","FullyQualifiedName":"Sat.Recruitment.Test.UserTypeTest.Delete_InvalidId","DisplayName":"Sat.Recruitment.Test.UserTypeTest.Delete_InvalidId","ExecutorUri":"executor://xunit/VsTestRunner2/netcoreapp","Source":"C:\\Users\\manue\\OneDrive\\Escritorio\\PARAMONT\\NEW\\Sat.Recruitment.Test\\bin\\Debug\\net6.0\\fine-code-coverage\\build-output\\Sat.Recruitment.Test.dll","CodeFilePath":null,"LineNumber":0,"Properties":[]},"Attachments":[],"Outcome":1,"ErrorMessage":null,"ErrorStackTrace":null,"DisplayName":"Sat.Recruitment.Test.UserTypeTest.Delete_InvalidId","Messages":[],"ComputerName":"OKAMURAGAMING","Duration":"00:00:00.0017854","StartTime":"2023-02-13T19:59:13.256568+00:00","EndTime":"2023-02-13T19:59:13.2565681+00:00","Properties":[]},{"TestCase":{"Id":"91012cf3-31ec-3aad-dcd4-1d0515b4f148","FullyQualifiedName":"Sat.Recruitment.Test.UserTest.Add_InvalidUserType","DisplayName":"Sat.Recruitment.Test.UserTest.Add_InvalidUserType","ExecutorUri":"executor://xunit/VsTestRunner2/netcoreapp","Source":"C:\\Users\\manue\\OneDrive\\Escritorio\\PARAMONT\\NEW\\Sat.Recruitment.Test\\bin\\Debug\\net6.0\\fine-code-coverage\\build-output\\Sat.Recruitment.Test.dll","CodeFilePath":null,"LineNumber":0,"Properties":[]},"Attachments":[],"Outcome":1,"ErrorMessage":null,"ErrorStackTrace":null,"DisplayName":"Sat.Recruitment.Test.UserTest.Add_InvalidUserType","Messages":[],"ComputerName":"OKAMURAGAMING","Duration":"00:00:00.0012481","StartTime":"2023-02-13T19:59:13.2578791+00:00","EndTime":"2023-02-13T19:59:13.2578792+00:00","Properties":[]},{"TestCase":{"Id":"1034b697-7390-bc3f-a85b-3a711435f73c","FullyQualifiedName":"Sat.Recruitment.Test.UserTest.Update_OK","DisplayName":"Sat.Recruitment.Test.UserTest.Update_OK","ExecutorUri":"executor://xunit/VsTestRunner2/netcoreapp","Source":"C:\\Users\\manue\\OneDrive\\Escritorio\\PARAMONT\\NEW\\Sat.Recruitment.Test\\bin\\Debug\\net6.0\\fine-code-coverage\\build-output\\Sat.Recruitment.Test.dll","CodeFilePath":null,"LineNumber":0,"Properties":[]},"Attachments":[],"Outcome":1,"ErrorMessage":null,"ErrorStackTrace":null,"DisplayName":"Sat.Recruitment.Test.UserTest.Update_OK","Messages":[],"ComputerName":"OKAMURAGAMING","Duration":"00:00:00.0017108","StartTime":"2023-02-13T19:59:13.2590207+00:00","EndTime":"2023-02-13T19:59:13.2590208+00:00","Properties":[]},{"TestCase":{"Id":"e3bbaf56-ca8a-7547-5043-5c72e0dba1c5","FullyQualifiedName":"Sat.Recruitment.Test.UserTypeTest.getAll_OK","DisplayName":"Sat.Recruitment.Test.UserTypeTest.getAll_OK","ExecutorUri":"executor://xunit/VsTestRunner2/netcoreapp","Source":"C:\\Users\\manue\\OneDrive\\Escritorio\\PARAMONT\\NEW\\Sat.Recruitment.Test\\bin\\Debug\\net6.0\\fine-code-coverage\\build-output\\Sat.Recruitment.Test.dll","CodeFilePath":null,"LineNumber":0,"Properties":[]},"Attachments":[],"Outcome":1,"ErrorMessage":null,"ErrorStackTrace":null,"DisplayName":"Sat.Recruitment.Test.UserTypeTest.getAll_OK","Messages":[],"ComputerName":"OKAMURAGAMING","Duration":"00:00:00.0021413","StartTime":"2023-02-13T19:59:13.2596514+00:00","EndTime":"2023-02-13T19:59:13.2596515+00:00","Properties":[]},{"TestCase":{"Id":"df9093ea-174c-f60f-b988-6990d288cb56","FullyQualifiedName":"Sat.Recruitment.Test.UserTest.Update_InvalidAddress","DisplayName":"Sat.Recruitment.Test.UserTest.Update_InvalidAddress","ExecutorUri":"executor://xunit/VsTestRunner2/netcoreapp","Source":"C:\\Users\\manue\\OneDrive\\Escritorio\\PARAMONT\\NEW\\Sat.Recruitment.Test\\bin\\Debug\\net6.0\\fine-code-coverage\\build-output\\Sat.Recruitment.Test.dll","CodeFilePath":null,"LineNumber":0,"Properties":[]},"Attachments":[],"Outcome":1,"ErrorMessage":null,"ErrorStackTrace":null,"DisplayName":"Sat.Recruitment.Test.UserTest.Update_InvalidAddress","Messages":[],"ComputerName":"OKAMURAGAMING","Duration":"00:00:00.0011300","StartTime":"2023-02-13T19:59:13.2613824+00:00","EndTime":"2023-02-13T19:59:13.2613825+00:00","Properties":[]},{"TestCase":{"Id":"950c74e0-9ff6-4448-bd0b-f4068483a49e","FullyQualifiedName":"Sat.Recruitment.Test.UserTypeTest.Delete_IdInUse","DisplayName":"Sat.Recruitment.Test.UserTypeTest.Delete_IdInUse","ExecutorUri":"executor://xunit/VsTestRunner2/netcoreapp","Source":"C:\\Users\\manue\\OneDrive\\Escritorio\\PARAMONT\\NEW\\Sat.Recruitment.Test\\bin\\Debug\\net6.0\\fine-code-coverage\\build-output\\Sat.Recruitment.Test.dll","CodeFilePath":null,"LineNumber":0,"Properties":[]},"Attachments":[],"Outcome":1,"ErrorMessage":null,"ErrorStackTrace":null,"DisplayName":"Sat.Recruitment.Test.UserTypeTest.Delete_IdInUse","Messages":[],"ComputerName":"OKAMURAGAMING","Duration":"00:00:00.0013403","StartTime":"2023-02-13T19:59:13.2628435+00:00","EndTime":"2023-02-13T19:59:13.2628436+00:00","Properties":[]}],"TestRunStatistics":{"ExecutedTests":23,"Stats":{"Passed":23}},"ActiveTests":[{"Id":"b02aed1f-c58a-caaa-19d1-a961cb7d9406","FullyQualifiedName":"Sat.Recruitment.Test.UserTest.Add_OK","DisplayName":"Sat.Recruitment.Test.UserTest.Add_OK","ExecutorUri":"executor://xunit/VsTestRunner2/netcoreapp","Source":"C:\\Users\\manue\\OneDrive\\Escritorio\\PARAMONT\\NEW\\Sat.Recruitment.Test\\bin\\Debug\\net6.0\\fine-code-coverage\\build-output\\Sat.Recruitment.Test.dll","CodeFilePath":null,"LineNumber":0,"Properties":[]},{"Id":"a84f6932-ad79-bc3c-f0ab-09ea87f66c85","FullyQualifiedName":"Sat.Recruitment.Test.UserTypeTest.Delete_Ok","DisplayName":"Sat.Recruitment.Test.UserTypeTest.Delete_Ok","ExecutorUri":"executor://xunit/VsTestRunner2/netcoreapp","Source":"C:\\Users\\manue\\OneDrive\\Escritorio\\PARAMONT\\NEW\\Sat.Recruitment.Test\\bin\\Debug\\net6.0\\fine-code-coverage\\build-output\\Sat.Recruitment.Test.dll","CodeFilePath":null,"LineNumber":0,"Properties":[]}]}}
TpTrace Verbose: 0 : 34332, 14, 2023/02/13, 12:59:13.264, 123719345044, vstest.console.dll, TestRunRequest:SendTestRunStatsChange: Starting.
TpTrace Verbose: 0 : 34332, 14, 2023/02/13, 12:59:13.264, 123719345449, vstest.console.dll, InProgress is Sat.Recruitment.Test.UserTest.Add_OK
TpTrace Verbose: 0 : 34332, 14, 2023/02/13, 12:59:13.264, 123719345673, vstest.console.dll, InProgress is Sat.Recruitment.Test.UserTypeTest.Delete_Ok
TpTrace Verbose: 0 : 34332, 14, 2023/02/13, 12:59:13.264, 123719346488, vstest.console.dll, MulticastDelegateUtilities.SafeInvoke: TestRun.RunStatsChanged: Invoking callbacks was skipped because there are no subscribers.
TpTrace Information: 0 : 34332, 14, 2023/02/13, 12:59:13.264, 123719346749, vstest.console.dll, TestRunRequest:SendTestRunStatsChange: Completed.
TpTrace Verbose: 0 : 34332, 14, 2023/02/13, 12:59:13.264, 123719346997, vstest.console.dll, MulticastDelegateUtilities.SafeInvoke: LengthPrefixCommunicationChannel: MessageReceived: Invoking callback 1/1 for Microsoft.VisualStudio.TestPlatform.CommunicationUtilities.TestRequestSender+<>c__DisplayClass31_0., took 0 ms.
TpTrace Verbose: 0 : 34332, 4, 2023/02/13, 12:59:13.264, 123719346968, vstest.console.dll, MulticastDelegateUtilities.SafeInvoke: InternalTestLoggerEvents.SendTestResult: Invoking callback 1/1 for Microsoft.VisualStudio.TestPlatform.CommandLine.Internal.ConsoleLogger., took 0 ms.
TpTrace Verbose: 0 : 34332, 14, 2023/02/13, 12:59:13.264, 123719347232, vstest.console.dll, TcpClientExtensions.MessageLoopAsync: Polling on remoteEndPoint: 127.0.0.1:56170 localEndPoint: 127.0.0.1:56169
TpTrace Verbose: 0 : 34332, 4, 2023/02/13, 12:59:13.265, 123719347914, vstest.console.dll, MulticastDelegateUtilities.SafeInvoke: InternalTestLoggerEvents.SendTestResult: Invoking callback 1/1 for Microsoft.VisualStudio.TestPlatform.CommandLine.Internal.ConsoleLogger., took 0 ms.
TpTrace Verbose: 0 : 34332, 4, 2023/02/13, 12:59:13.265, 123719348995, vstest.console.dll, MulticastDelegateUtilities.SafeInvoke: InternalTestLoggerEvents.SendTestResult: Invoking callback 1/1 for Microsoft.VisualStudio.TestPlatform.CommandLine.Internal.ConsoleLogger., took 0 ms.
TpTrace Verbose: 0 : 34332, 4, 2023/02/13, 12:59:13.265, 123719349351, vstest.console.dll, MulticastDelegateUtilities.SafeInvoke: InternalTestLoggerEvents.SendTestResult: Invoking callback 1/1 for Microsoft.VisualStudio.TestPlatform.CommandLine.Internal.ConsoleLogger., took 0 ms.
TpTrace Verbose: 0 : 34332, 4, 2023/02/13, 12:59:13.265, 123719349682, vstest.console.dll, MulticastDelegateUtilities.SafeInvoke: InternalTestLoggerEvents.SendTestResult: Invoking callback 1/1 for Microsoft.VisualStudio.TestPlatform.CommandLine.Internal.ConsoleLogger., took 0 ms.
TpTrace Verbose: 0 : 34332, 4, 2023/02/13, 12:59:13.265, 123719349983, vstest.console.dll, MulticastDelegateUtilities.SafeInvoke: InternalTestLoggerEvents.SendTestResult: Invoking callback 1/1 for Microsoft.VisualStudio.TestPlatform.CommandLine.Internal.ConsoleLogger., took 0 ms.
TpTrace Verbose: 0 : 34332, 4, 2023/02/13, 12:59:13.265, 123719350263, vstest.console.dll, MulticastDelegateUtilities.SafeInvoke: InternalTestLoggerEvents.SendTestResult: Invoking callback 1/1 for Microsoft.VisualStudio.TestPlatform.CommandLine.Internal.ConsoleLogger., took 0 ms.
TpTrace Verbose: 0 : 34332, 4, 2023/02/13, 12:59:13.265, 123719350573, vstest.console.dll, MulticastDelegateUtilities.SafeInvoke: InternalTestLoggerEvents.SendTestResult: Invoking callback 1/1 for Microsoft.VisualStudio.TestPlatform.CommandLine.Internal.ConsoleLogger., took 0 ms.
TpTrace Verbose: 0 : 34332, 14, 2023/02/13, 12:59:13.269, 123719395666, vstest.console.dll, TcpClientExtensions.MessageLoopAsync: NotifyDataAvailable remoteEndPoint: 127.0.0.1:56170 localEndPoint: 127.0.0.1:56169
TpTrace Verbose: 0 : 34332, 14, 2023/02/13, 12:59:13.269, 123719396581, vstest.console.dll, TestRequestSender.OnExecutionMessageReceived: Received message: {"Version":5,"MessageType":"TestSession.Message","Payload":{"MessageLevel":0,"Message":"[xUnit.net 00:00:04.65]   Finished:    Sat.Recruitment.Test"}}
TpTrace Verbose: 0 : 34332, 14, 2023/02/13, 12:59:13.270, 123719397464, vstest.console.dll, TestRunRequest:SendTestRunMessage: Starting.
TpTrace Verbose: 0 : 34332, 14, 2023/02/13, 12:59:13.270, 123719397984, vstest.console.dll, MulticastDelegateUtilities.SafeInvoke: TestRun.LogMessages: Invoking callback 1/1 for Microsoft.VisualStudio.TestPlatform.CommandLine.TestRunResultAggregator., took 0 ms.
TpTrace Information: 0 : 34332, 14, 2023/02/13, 12:59:13.270, 123719398386, vstest.console.dll, TestRunRequest:SendTestRunMessage: Completed.
TpTrace Verbose: 0 : 34332, 4, 2023/02/13, 12:59:13.270, 123719398418, vstest.console.dll, MulticastDelegateUtilities.SafeInvoke: InternalTestLoggerEvents.SendTestRunMessage: Invoking callback 1/1 for Microsoft.VisualStudio.TestPlatform.CommandLine.Internal.ConsoleLogger., took 0 ms.
TpTrace Verbose: 0 : 34332, 14, 2023/02/13, 12:59:13.270, 123719399366, vstest.console.dll, MulticastDelegateUtilities.SafeInvoke: LengthPrefixCommunicationChannel: MessageReceived: Invoking callback 1/1 for Microsoft.VisualStudio.TestPlatform.CommunicationUtilities.TestRequestSender+<>c__DisplayClass31_0., took 0 ms.
TpTrace Verbose: 0 : 34332, 14, 2023/02/13, 12:59:13.270, 123719399930, vstest.console.dll, TcpClientExtensions.MessageLoopAsync: Polling on remoteEndPoint: 127.0.0.1:56170 localEndPoint: 127.0.0.1:56169
TpTrace Verbose: 0 : 34332, 14, 2023/02/13, 12:59:13.284, 123719537384, vstest.console.dll, TcpClientExtensions.MessageLoopAsync: NotifyDataAvailable remoteEndPoint: 127.0.0.1:56170 localEndPoint: 127.0.0.1:56169
TpTrace Verbose: 0 : 34332, 14, 2023/02/13, 12:59:13.284, 123719540004, vstest.console.dll, TestRequestSender.OnExecutionMessageReceived: Received message: {"Version":5,"MessageType":"TestExecution.Completed","Payload":{"TestRunCompleteArgs":{"TestRunStatistics":{"ExecutedTests":27,"Stats":{"Passed":27}},"IsCanceled":false,"IsAborted":false,"Error":null,"AttachmentSets":[],"ElapsedTimeInRunningTests":"00:00:04.6586689","Metrics":{}},"LastRunTests":{"NewTestResults":[{"TestCase":{"Id":"a84f6932-ad79-bc3c-f0ab-09ea87f66c85","FullyQualifiedName":"Sat.Recruitment.Test.UserTypeTest.Delete_Ok","DisplayName":"Sat.Recruitment.Test.UserTypeTest.Delete_Ok","ExecutorUri":"executor://xunit/VsTestRunner2/netcoreapp","Source":"C:\\Users\\manue\\OneDrive\\Escritorio\\PARAMONT\\NEW\\Sat.Recruitment.Test\\bin\\Debug\\net6.0\\fine-code-coverage\\build-output\\Sat.Recruitment.Test.dll","CodeFilePath":null,"LineNumber":0,"Properties":[]},"Attachments":[],"Outcome":1,"ErrorMessage":null,"ErrorStackTrace":null,"DisplayName":"Sat.Recruitment.Test.UserTypeTest.Delete_Ok","Messages":[],"ComputerName":"OKAMURAGAMING","Duration":"00:00:00.0015472","StartTime":"2023-02-13T19:59:13.2648263+00:00","EndTime":"2023-02-13T19:59:13.2648264+00:00","Properties":[]},{"TestCase":{"Id":"b02aed1f-c58a-caaa-19d1-a961cb7d9406","FullyQualifiedName":"Sat.Recruitment.Test.UserTest.Add_OK","DisplayName":"Sat.Recruitment.Test.UserTest.Add_OK","ExecutorUri":"executor://xunit/VsTestRunner2/netcoreapp","Source":"C:\\Users\\manue\\OneDrive\\Escritorio\\PARAMONT\\NEW\\Sat.Recruitment.Test\\bin\\Debug\\net6.0\\fine-code-coverage\\build-output\\Sat.Recruitment.Test.dll","CodeFilePath":null,"LineNumber":0,"Properties":[]},"Attachments":[],"Outcome":1,"ErrorMessage":null,"ErrorStackTrace":null,"DisplayName":"Sat.Recruitment.Test.UserTest.Add_OK","Messages":[],"ComputerName":"OKAMURAGAMING","Duration":"00:00:00.0036747","StartTime":"2023-02-13T19:59:13.2656258+00:00","EndTime":"2023-02-13T19:59:13.2656258+00:00","Properties":[]},{"TestCase":{"Id":"77af1d3c-5127-481e-100e-681fc6ba34be","FullyQualifiedName":"Sat.Recruitment.Test.UserTest.getById_OK","DisplayName":"Sat.Recruitment.Test.UserTest.getById_OK","ExecutorUri":"executor://xunit/VsTestRunner2/netcoreapp","Source":"C:\\Users\\manue\\OneDrive\\Escritorio\\PARAMONT\\NEW\\Sat.Recruitment.Test\\bin\\Debug\\net6.0\\fine-code-coverage\\build-output\\Sat.Recruitment.Test.dll","CodeFilePath":null,"LineNumber":0,"Properties":[]},"Attachments":[],"Outcome":1,"ErrorMessage":null,"ErrorStackTrace":null,"DisplayName":"Sat.Recruitment.Test.UserTest.getById_OK","Messages":[],"ComputerName":"OKAMURAGAMING","Duration":"00:00:00.0024279","StartTime":"2023-02-13T19:59:13.2670525+00:00","EndTime":"2023-02-13T19:59:13.2670526+00:00","Properties":[]},{"TestCase":{"Id":"9643b065-e39f-6565-8fa5-8299e42bdbc6","FullyQualifiedName":"Sat.Recruitment.Test.UserTest.Update_InvalidUserTypeID","DisplayName":"Sat.Recruitment.Test.UserTest.Update_InvalidUserTypeID","ExecutorUri":"executor://xunit/VsTestRunner2/netcoreapp","Source":"C:\\Users\\manue\\OneDrive\\Escritorio\\PARAMONT\\NEW\\Sat.Recruitment.Test\\bin\\Debug\\net6.0\\fine-code-coverage\\build-output\\Sat.Recruitment.Test.dll","CodeFilePath":null,"LineNumber":0,"Properties":[]},"Attachments":[],"Outcome":1,"ErrorMessage":null,"ErrorStackTrace":null,"DisplayName":"Sat.Recruitment.Test.UserTest.Update_InvalidUserTypeID","Messages":[],"ComputerName":"OKAMURAGAMING","Duration":"00:00:00.0012132","StartTime":"2023-02-13T19:59:13.2683072+00:00","EndTime":"2023-02-13T19:59:13.2683073+00:00","Properties":[]}],"TestRunStatistics":{"ExecutedTests":27,"Stats":{"Passed":27}},"ActiveTests":[]},"RunAttachments":[],"ExecutorUris":["executor://xunit/VsTestRunner2/netcoreapp"]}}
TpTrace Verbose: 0 : 34332, 14, 2023/02/13, 12:59:13.284, 123719541130, vstest.console.dll, TestRequestSender.EndSession: Sending end session.
TpTrace Verbose: 0 : 34332, 14, 2023/02/13, 12:59:13.284, 123719542941, vstest.console.dll, ProxyOperationManager.Close: waiting for test host to exit for 100 ms
TpTrace Warning: 0 : 34332, 12, 2023/02/13, 12:59:13.294, 123719646312, vstest.console.dll, TestHostManagerCallbacks.ErrorReceivedCallback Test host standard error line: 
TpTrace Verbose: 0 : 34332, 12, 2023/02/13, 12:59:13.308, 123719781621, vstest.console.dll, TestHostProvider.ExitCallBack: Host exited starting callback.
TpTrace Information: 0 : 34332, 12, 2023/02/13, 12:59:13.308, 123719783430, vstest.console.dll, TestHostManagerCallbacks.ExitCallBack: Testhost processId: 21832 exited with exitcode: 0 error: ''
TpTrace Verbose: 0 : 34332, 12, 2023/02/13, 12:59:13.308, 123719783849, vstest.console.dll, DotnetTestHostManager.OnHostExited: invoking OnHostExited callback
TpTrace Verbose: 0 : 34332, 12, 2023/02/13, 12:59:13.308, 123719784267, vstest.console.dll, CrossPlatEngine.TestHostManagerHostExited: calling on client process exit callback.
TpTrace Information: 0 : 34332, 12, 2023/02/13, 12:59:13.308, 123719784725, vstest.console.dll, TestRequestSender.OnClientProcessExit: Test host process exited. Standard error: 
TpTrace Information: 0 : 34332, 12, 2023/02/13, 12:59:13.308, 123719785062, vstest.console.dll, SocketServer.Stop: Stop server endPoint: 127.0.0.1:56169
TpTrace Information: 0 : 34332, 12, 2023/02/13, 12:59:13.308, 123719785278, vstest.console.dll, SocketServer.Stop: Cancellation requested. Stopping message loop.
TpTrace Information: 0 : 34332, 14, 2023/02/13, 12:59:13.308, 123719785550, vstest.console.dll, SocketServer.Stop: Stop server endPoint: 127.0.0.1:56169
TpTrace Verbose: 0 : 34332, 12, 2023/02/13, 12:59:13.308, 123719785895, vstest.console.dll, MulticastDelegateUtilities.SafeInvoke: HostProviderEvents.OnHostExited: Invoking callback 1/1 for Microsoft.VisualStudio.TestPlatform.CrossPlatEngine.Client.ProxyOperationManager., took 0 ms.
TpTrace Information: 0 : 34332, 14, 2023/02/13, 12:59:13.308, 123719786599, vstest.console.dll, SocketServer.Stop: Cancellation requested. Stopping message loop.
TpTrace Information: 0 : 34332, 14, 2023/02/13, 12:59:13.309, 123719787964, vstest.console.dll, Closing the connection
TpTrace Verbose: 0 : 34332, 14, 2023/02/13, 12:59:13.309, 123719790378, vstest.console.dll, ProxyDataCollectionManager.InvokeDataCollectionServiceAction: Starting.
TpTrace Information: 0 : 34332, 14, 2023/02/13, 12:59:13.309, 123719790935, vstest.console.dll, ProxyDataCollectionManager.AfterTestRunEnd: Get attachment set and invoked data collectors processId: 42428 port: 56166
TpTrace Verbose: 0 : 34332, 14, 2023/02/13, 12:59:13.309, 123719791349, vstest.console.dll, DataCollectionRequestSender.SendAfterTestRunStartAndGetResult: Send AfterTestRunEnd message with isCancelled: False
TpTrace Verbose: 0 : 34332, 14, 2023/02/13, 12:59:13.315, 123719852705, vstest.console.dll, DataCollectionRequestSender.SendAfterTestRunStartAndGetResult: Received message: (DataCollection.AfterTestRunEndResult) -> {"MessageType":"DataCollection.AfterTestRunEndResult","Payload":{"AttachmentSets":[],"InvokedDataCollectors":[{"Uri":"datacollector://Microsoft/TestPlatform/Extensions/Blame/v1","FriendlyName":"Blame","AssemblyQualifiedName":"Microsoft.TestPlatform.Extensions.BlameDataCollector.BlameCollector, Microsoft.TestPlatform.Extensions.BlameDataCollector, Version=15.0.0.0, Culture=neutral, PublicKeyToken=b03f5f7f11d50a3a","FilePath":"C:\\Program Files\\dotnet\\sdk\\7.0.101\\Extensions\\Microsoft.TestPlatform.Extensions.BlameDataCollector.dll","HasAttachmentProcessor":false}],"Metrics":{}}}
TpTrace Warning: 0 : 34332, 10, 2023/02/13, 12:59:13.319, 123719896797, vstest.console.dll, DataCollectionLauncher.ErrorReceivedCallback datacollector standard error line: 
TpTrace Information: 0 : 34332, 14, 2023/02/13, 12:59:13.320, 123719904708, vstest.console.dll, ProxyDataCollectionManager.InvokeDataCollectionServiceAction: Completed.
TpTrace Information: 0 : 34332, 10, 2023/02/13, 12:59:13.323, 123719936815, vstest.console.dll, DataCollectionLauncher.ExitCallBack: Data collector exited with exitcode: 0 error: ''
TpTrace Verbose: 0 : 34332, 14, 2023/02/13, 12:59:13.348, 123720186957, vstest.console.dll, TestRunRequest:SendTestRunStatsChange: Starting.
TpTrace Verbose: 0 : 34332, 14, 2023/02/13, 12:59:13.349, 123720188208, vstest.console.dll, MulticastDelegateUtilities.SafeInvoke: TestRun.RunStatsChanged: Invoking callbacks was skipped because there are no subscribers.
TpTrace Information: 0 : 34332, 14, 2023/02/13, 12:59:13.349, 123720188516, vstest.console.dll, TestRunRequest:SendTestRunStatsChange: Completed.
TpTrace Verbose: 0 : 34332, 4, 2023/02/13, 12:59:13.349, 123720189001, vstest.console.dll, MulticastDelegateUtilities.SafeInvoke: InternalTestLoggerEvents.SendTestResult: Invoking callback 1/1 for Microsoft.VisualStudio.TestPlatform.CommandLine.Internal.ConsoleLogger., took 0 ms.
TpTrace Verbose: 0 : 34332, 4, 2023/02/13, 12:59:13.349, 123720189877, vstest.console.dll, MulticastDelegateUtilities.SafeInvoke: InternalTestLoggerEvents.SendTestResult: Invoking callback 1/1 for Microsoft.VisualStudio.TestPlatform.CommandLine.Internal.ConsoleLogger., took 0 ms.
TpTrace Verbose: 0 : 34332, 4, 2023/02/13, 12:59:13.349, 123720190327, vstest.console.dll, MulticastDelegateUtilities.SafeInvoke: InternalTestLoggerEvents.SendTestResult: Invoking callback 1/1 for Microsoft.VisualStudio.TestPlatform.CommandLine.Internal.ConsoleLogger., took 0 ms.
TpTrace Verbose: 0 : 34332, 4, 2023/02/13, 12:59:13.349, 123720190776, vstest.console.dll, MulticastDelegateUtilities.SafeInvoke: InternalTestLoggerEvents.SendTestResult: Invoking callback 1/1 for Microsoft.VisualStudio.TestPlatform.CommandLine.Internal.ConsoleLogger., took 0 ms.
TpTrace Verbose: 0 : 34332, 14, 2023/02/13, 12:59:13.349, 123720191913, vstest.console.dll, ParallelProxyExecutionManager: HandlePartialRunComplete: Total completed clients = 1, Run complete = True, Run canceled: False.
TpTrace Verbose: 0 : 34332, 4, 2023/02/13, 12:59:13.359, 123720288303, vstest.console.dll, MulticastDelegateUtilities.SafeInvoke: InternalTestLoggerEvents.SendTestRunComplete: Invoking callback 1/2 for Microsoft.TestPlatform.Extensions.BlameDataCollector.BlameLogger., took 0 ms.
TpTrace Verbose: 0 : 34332, 4, 2023/02/13, 12:59:13.363, 123720332440, vstest.console.dll, MulticastDelegateUtilities.SafeInvoke: InternalTestLoggerEvents.SendTestRunComplete: Invoking callback 2/2 for Microsoft.VisualStudio.TestPlatform.CommandLine.Internal.ConsoleLogger., took 4 ms.
TpTrace Verbose: 0 : 34332, 14, 2023/02/13, 12:59:13.363, 123720335439, vstest.console.dll, TestRunRequest:TestRunComplete: Starting. IsAborted:False IsCanceled:False.
TpTrace Verbose: 0 : 34332, 14, 2023/02/13, 12:59:13.364, 123720346051, vstest.console.dll, TestLoggerManager.HandleTestRunComplete: Ignoring as the object is disposed.
TpTrace Verbose: 0 : 34332, 14, 2023/02/13, 12:59:13.365, 123720347691, vstest.console.dll, MulticastDelegateUtilities.SafeInvoke: TestRun.TestRunComplete: Invoking callback 1/2 for Microsoft.VisualStudio.TestPlatform.CommandLine.TestRunResultAggregator., took 0 ms.
TpTrace Verbose: 0 : 34332, 14, 2023/02/13, 12:59:13.365, 123720348910, vstest.console.dll, MulticastDelegateUtilities.SafeInvoke: TestRun.TestRunComplete: Invoking callback 2/2 for Microsoft.VisualStudio.TestPlatform.CommandLine.Processors.RunTestsArgumentExecutor+TestRunRequestEventsRegistrar., took 0 ms.
TpTrace Information: 0 : 34332, 14, 2023/02/13, 12:59:13.365, 123720349716, vstest.console.dll, TestRunRequest:TestRunComplete: Completed.
TpTrace Verbose: 0 : 34332, 14, 2023/02/13, 12:59:13.365, 123720350086, vstest.console.dll, TestRequestSender.SetOperationComplete: Setting operation complete.
TpTrace Verbose: 0 : 34332, 1, 2023/02/13, 12:59:13.365, 123720350089, vstest.console.dll, TestRunRequest.Dispose: Starting.
TpTrace Information: 0 : 34332, 14, 2023/02/13, 12:59:13.365, 123720350344, vstest.console.dll, SocketServer.Stop: Stop server endPoint: 127.0.0.1:56169
TpTrace Information: 0 : 34332, 1, 2023/02/13, 12:59:13.365, 123720350920, vstest.console.dll, TestRunRequest.Dispose: Completed.
TpTrace Information: 0 : 34332, 1, 2023/02/13, 12:59:13.365, 123720351380, vstest.console.dll, TestRequestManager.RunTests: run tests completed.
TpTrace Information: 0 : 34332, 14, 2023/02/13, 12:59:13.365, 123720351419, vstest.console.dll, SocketServer.Stop: Cancellation requested. Stopping message loop.
TpTrace Verbose: 0 : 34332, 14, 2023/02/13, 12:59:13.365, 123720352211, vstest.console.dll, MulticastDelegateUtilities.SafeInvoke: LengthPrefixCommunicationChannel: MessageReceived: Invoking callback 1/1 for Microsoft.VisualStudio.TestPlatform.CommunicationUtilities.TestRequestSender+<>c__DisplayClass31_0., took 81 ms.
TpTrace Information: 0 : 34332, 1, 2023/02/13, 12:59:13.365, 123720352335, vstest.console.dll, RunTestsArgumentProcessor:Execute: Test run is completed.
TpTrace Information: 0 : 34332, 14, 2023/02/13, 12:59:13.365, 123720352879, vstest.console.dll, SocketServer.PrivateStop: Stopping server endPoint: 127.0.0.1:56169 error: 
TpTrace Verbose: 0 : 34332, 1, 2023/02/13, 12:59:13.365, 123720353927, vstest.console.dll, Executor.Execute: Exiting with exit code of 0
TpTrace Verbose: 0 : 34332, 14, 2023/02/13, 12:59:13.366, 123720357532, vstest.console.dll, LengthPrefixCommunicationChannel.Dispose: Dispose reader and writer.
TpTrace Information: 0 : 34332, 14, 2023/02/13, 12:59:13.366, 123720358441, vstest.console.dll, SocketServer.Stop: Raise disconnected event endPoint: 127.0.0.1:56169 error: 
